2025-04-15 17:40:18,815 - INFO - Using default request storage
2025-04-15 17:40:18,825 - INFO - Created proxy listening on 127.0.0.1:43603
2025-04-15 17:40:19,213 - INFO - Capturing request: http://clients2.google.com/time/1/current?cup2key=8:cBxHLR6R7y7yuLwQacusFnAFtUpm7BScA-DOsWi5Iak&cup2hreq=e3b0c44298fc1c149afbf4c8996fb92427ae41e4649b934ca495991b7852b855
2025-04-15 17:40:19,233 - INFO - Starting scraping for URL: https://www.zeptonow.com/cn/cold-drinks-juices/top-picks/cid/947a72ae-b371-45cb-ad3a-778c05b64399/scid/7dceec53-78f9-4f06-83d7-c8edd9c2f71a
2025-04-15 17:40:19,233 - INFO - Attempt 1 to load https://www.zeptonow.com/cn/cold-drinks-juices/top-picks/cid/947a72ae-b371-45cb-ad3a-778c05b64399/scid/7dceec53-78f9-4f06-83d7-c8edd9c2f71a
2025-04-15 17:40:19,486 - INFO - Capturing response: http://clients2.google.com/time/1/current?cup2key=8:cBxHLR6R7y7yuLwQacusFnAFtUpm7BScA-DOsWi5Iak&cup2hreq=e3b0c44298fc1c149afbf4c8996fb92427ae41e4649b934ca495991b7852b855 200 OK
2025-04-15 17:40:20,409 - INFO - Capturing request: https://www.zeptonow.com/cn/cold-drinks-juices/top-picks/cid/947a72ae-b371-45cb-ad3a-778c05b64399/scid/7dceec53-78f9-4f06-83d7-c8edd9c2f71a
2025-04-15 17:40:20,419 - INFO - Capturing request: https://accounts.google.com/ListAccounts?gpsia=1&source=ChromiumBrowser&json=standard
2025-04-15 17:40:20,645 - INFO - Capturing response: https://accounts.google.com/ListAccounts?gpsia=1&source=ChromiumBrowser&json=standard 200 
2025-04-15 17:40:20,711 - INFO - Capturing response: https://www.zeptonow.com/cn/cold-drinks-juices/top-picks/cid/947a72ae-b371-45cb-ad3a-778c05b64399/scid/7dceec53-78f9-4f06-83d7-c8edd9c2f71a 200 
2025-04-15 17:40:21,046 - INFO - Capturing request: https://cdn.zeptonow.com/web-static-assets-prod/artifacts/12.67.0/_next/static/css/9e363adc25ec7d9f.css
2025-04-15 17:40:21,050 - INFO - Capturing request: https://cdn.zeptonow.com/web-static-assets-prod/artifacts/12.67.0/_next/static/css/e2c45fb0a7993cd3.css
2025-04-15 17:40:21,053 - INFO - Capturing request: https://cdn.zeptonow.com/web-static-assets-prod/artifacts/12.67.0/_next/static/css/4e423b08270a2913.css
2025-04-15 17:40:21,059 - INFO - Capturing request: https://cdn.zeptonow.com/web-static-assets-prod/artifacts/12.67.0/_next/static/css/eeef111b5c6c7e41.css
2025-04-15 17:40:21,065 - INFO - Capturing response: https://cdn.zeptonow.com/web-static-assets-prod/artifacts/12.67.0/_next/static/css/9e363adc25ec7d9f.css 200 
2025-04-15 17:40:21,067 - INFO - Capturing request: https://cdn.zeptonow.com/web-static-assets-prod/artifacts/12.67.0/_next/static/css/b11919fb4d5036e8.css
2025-04-15 17:40:21,070 - INFO - Capturing request: https://cdn.zeptonow.com/web-static-assets-prod/artifacts/12.67.0/_next/static/css/87b87553bf93f7a8.css
2025-04-15 17:40:21,075 - INFO - Capturing request: https://cdn.zeptonow.com/web-static-assets-prod/artifacts/12.67.0/_next/static/css/bf376d8490fd8239.css
2025-04-15 17:40:21,085 - INFO - Capturing response: https://cdn.zeptonow.com/web-static-assets-prod/artifacts/12.67.0/_next/static/css/4e423b08270a2913.css 200 
2025-04-15 17:40:21,090 - INFO - Capturing response: https://cdn.zeptonow.com/web-static-assets-prod/artifacts/12.67.0/_next/static/css/e2c45fb0a7993cd3.css 200 
2025-04-15 17:40:21,098 - INFO - Capturing response: https://cdn.zeptonow.com/web-static-assets-prod/artifacts/12.67.0/_next/static/css/eeef111b5c6c7e41.css 200 
2025-04-15 17:40:21,113 - INFO - Capturing response: https://cdn.zeptonow.com/web-static-assets-prod/artifacts/12.67.0/_next/static/css/bf376d8490fd8239.css 200 
2025-04-15 17:40:21,118 - INFO - Capturing response: https://cdn.zeptonow.com/web-static-assets-prod/artifacts/12.67.0/_next/static/css/87b87553bf93f7a8.css 200 
2025-04-15 17:40:21,123 - INFO - Capturing response: https://cdn.zeptonow.com/web-static-assets-prod/artifacts/12.67.0/_next/static/css/b11919fb4d5036e8.css 200 
2025-04-15 17:40:21,126 - INFO - Capturing request: https://www.googletagmanager.com/gtm.js?id=GTM-T5GF7DB
2025-04-15 17:40:21,243 - INFO - Capturing request: https://cdn.zeptonow.com/web-static-assets-prod/artifacts/12.67.0/_next/static/chunks/webpack-337bd652ab63787e.js
2025-04-15 17:40:21,246 - INFO - Capturing request: https://cdn.zeptonow.com/web-static-assets-prod/artifacts/12.67.0/_next/static/chunks/main-app-51ba168e1d15edb3.js
2025-04-15 17:40:21,252 - INFO - Capturing request: https://cdn.zeptonow.com/web-static-assets-prod/artifacts/12.67.0/_next/static/chunks/app/(main)/(plp)/cn/error-29140ac62f6eea87.js
2025-04-15 17:40:21,257 - INFO - Capturing request: https://cdn.zeptonow.com/web-static-assets-prod/artifacts/12.67.0/_next/static/chunks/vendor-48c153c4680eb73d.js
2025-04-15 17:40:21,262 - INFO - Capturing request: https://cdn.zeptonow.com/web-static-assets-prod/artifacts/12.67.0/_next/static/chunks/app/(main)/(plp)/cn/%5Bcn_slug%5D/%5Bsc_slug%5D/cid/%5Bcid%5D/scid/%5Bscid%5D/layout-87dc5832d191df0a.js
2025-04-15 17:40:21,283 - INFO - Capturing request: https://cdn.zeptonow.com/web-static-assets-prod/artifacts/12.67.0/_next/static/chunks/app/(main)/(plp)/cn/%5Bcn_slug%5D/%5Bsc_slug%5D/cid/%5Bcid%5D/scid/%5Bscid%5D/error-555bccec6279c661.js
2025-04-15 17:40:21,291 - INFO - Capturing request: https://cdn.zeptonow.com/web-static-assets-prod/artifacts/12.67.0/_next/static/chunks/app/layout-9a125d5a26c0af0f.js
2025-04-15 17:40:21,298 - INFO - Capturing request: https://cdn.zeptonow.com/web-static-assets-prod/artifacts/12.67.0/_next/static/chunks/app/not-found-c8439800333e0025.js
2025-04-15 17:40:21,308 - INFO - Capturing request: https://cdn.zeptonow.com/web-static-assets-prod/artifacts/12.67.0/_next/static/chunks/app/(main)/(plp)/cn/%5Bcn_slug%5D/%5Bsc_slug%5D/cid/%5Bcid%5D/scid/%5Bscid%5D/page-0bf48d731d2ea478.js
2025-04-15 17:40:21,387 - INFO - Capturing response: https://cdn.zeptonow.com/web-static-assets-prod/artifacts/12.67.0/_next/static/chunks/webpack-337bd652ab63787e.js 200 
2025-04-15 17:40:21,416 - INFO - Capturing request: https://websdk.appsflyer.com/?st=banners&
2025-04-15 17:40:21,437 - INFO - Capturing request: https://www.zeptonow.com/images/super-saver/super-saver-inactive.svg
2025-04-15 17:40:21,444 - INFO - Capturing request: https://cdn.zeptonow.com/web-static-assets-prod/artifacts/12.67.0/images/header/primary-logo.svg
2025-04-15 17:40:21,457 - INFO - Capturing request: https://cdn.zeptonow.com/web-static-assets-prod/artifacts/12.67.0/_next/static/media/c9f7fa4b00c70b8d-s.woff2
2025-04-15 17:40:21,472 - INFO - Capturing request: https://cdn.zeptonow.com/web-static-assets-prod/artifacts/12.67.0/_next/static/media/e0b8b4c7fa5a28e8-s.woff2
2025-04-15 17:40:21,490 - INFO - Capturing response: https://websdk.appsflyer.com/?st=banners& 200 
2025-04-15 17:40:21,505 - INFO - Capturing response: https://cdn.zeptonow.com/web-static-assets-prod/artifacts/12.67.0/_next/static/chunks/app/(main)/(plp)/cn/error-29140ac62f6eea87.js 200 
2025-04-15 17:40:21,508 - INFO - Capturing request: https://cdn.zeptonow.com/web-static-assets-prod/artifacts/12.67.0/_next/static/media/1fca7295151bbffa-s.woff2
2025-04-15 17:40:21,516 - INFO - Capturing request: https://cdn.zeptonow.com/production/tr:w-90,ar-500-500,pr-true,f-auto,q-80/cms/sub_category/aefb7b57-3681-4bfe-88d9-d2cc3ce9e038.png
2025-04-15 17:40:21,525 - INFO - Capturing response: https://www.googletagmanager.com/gtm.js?id=GTM-T5GF7DB 200 
2025-04-15 17:40:21,556 - INFO - Capturing response: https://cdn.zeptonow.com/web-static-assets-prod/artifacts/12.67.0/_next/static/chunks/main-app-51ba168e1d15edb3.js 200 
2025-04-15 17:40:21,559 - INFO - Capturing request: https://cdn.zeptonow.com/production/tr:w-90,ar-500-500,pr-true,f-auto,q-80/cms/sub_category/ce8dc551-e940-4565-94e5-840d553e0f8e.png
2025-04-15 17:40:21,568 - INFO - Capturing response: https://www.zeptonow.com/images/super-saver/super-saver-inactive.svg 200 
2025-04-15 17:40:21,569 - INFO - Capturing request: https://cdn.zeptonow.com/web-static-assets-prod/artifacts/12.67.0/_next/static/media/da2d79f03b5ed4e3-s.woff2
2025-04-15 17:40:21,595 - INFO - Capturing request: https://cdn.zeptonow.com/production/tr:w-90,ar-120-120,pr-true,f-auto,q-80/cms/sub_category/98.png
2025-04-15 17:40:21,602 - INFO - Capturing request: https://cdn.zeptonow.com/production/tr:w-90,ar-120-120,pr-true,f-auto,q-80/cms/sub_category/95.png
2025-04-15 17:40:21,617 - INFO - Capturing response: https://cdn.zeptonow.com/web-static-assets-prod/artifacts/12.67.0/_next/static/media/c9f7fa4b00c70b8d-s.woff2 200 
2025-04-15 17:40:21,641 - INFO - Capturing response: https://cdn.zeptonow.com/web-static-assets-prod/artifacts/12.67.0/_next/static/chunks/app/(main)/(plp)/cn/%5Bcn_slug%5D/%5Bsc_slug%5D/cid/%5Bcid%5D/scid/%5Bscid%5D/error-555bccec6279c661.js 200 
2025-04-15 17:40:21,644 - INFO - Capturing request: https://cdn.zeptonow.com/production/tr:w-90,ar-120-120,pr-true,f-auto,q-80/cms/sub_category/96.png
2025-04-15 17:40:21,649 - INFO - Capturing request: https://cdn.zeptonow.com/production/tr:w-90,ar-120-120,pr-true,f-auto,q-80/cms/sub_category/b4885954-82ce-4e26-9a1d-2834405dd7e0.png
2025-04-15 17:40:21,654 - INFO - Capturing request: https://cdn.zeptonow.com/production/tr:w-90,ar-120-120,pr-true,f-auto,q-80/cms/sub_category/97.png
2025-04-15 17:40:21,692 - INFO - Capturing response: https://cdn.zeptonow.com/web-static-assets-prod/artifacts/12.67.0/_next/static/media/e0b8b4c7fa5a28e8-s.woff2 200 
2025-04-15 17:40:21,728 - INFO - Capturing request: https://cdn.zeptonow.com/production/tr:w-90,ar-120-120,pr-true,f-auto,q-80/cms/sub_category/100.png
2025-04-15 17:40:21,730 - INFO - Capturing request: https://cdn.zeptonow.com/production/tr:w-90,ar-120-120,pr-true,f-auto,q-80/cms/sub_category/101.png
2025-04-15 17:40:21,750 - INFO - Capturing response: https://cdn.zeptonow.com/web-static-assets-prod/artifacts/12.67.0/_next/static/chunks/vendor-48c153c4680eb73d.js 200 
2025-04-15 17:40:21,764 - INFO - Capturing response: https://cdn.zeptonow.com/web-static-assets-prod/artifacts/12.67.0/_next/static/media/1fca7295151bbffa-s.woff2 200 
2025-04-15 17:40:21,768 - INFO - Capturing request: https://cdn.zeptonow.com/production/tr:w-90,ar-140-140,pr-true,f-auto,q-80/cms/sub_category/0e5e4feb-9f93-4e33-8cf4-ff202346b992.png
2025-04-15 17:40:21,773 - INFO - Capturing request: https://cdn.zeptonow.com/production/tr:w-90,ar-120-120,pr-true,f-auto,q-80/cms/sub_category/c5aab4c8-01be-474c-a2c2-0b56aa83cbda.png
2025-04-15 17:40:21,778 - INFO - Capturing request: https://cdn.zeptonow.com/production/tr:w-90,ar-120-121,pr-true,f-auto,q-80/cms/sub_category/103.png
2025-04-15 17:40:21,783 - INFO - Capturing request: https://cdn.zeptonow.com/production/tr:w-90,ar-120-120,pr-true,f-auto,q-80/cms/sub_category/8c0fe11e-3527-4965-8e46-1fe44b37c529.png
2025-04-15 17:40:21,790 - INFO - Capturing response: https://cdn.zeptonow.com/web-static-assets-prod/artifacts/12.67.0/images/header/primary-logo.svg 200 
2025-04-15 17:40:21,792 - INFO - Capturing request: https://cdn.zeptonow.com/production/tr:w-640,ar-912-570,pr-true,f-auto,q-80/inventory/banner/56ede3f8-13a3-4c90-a139-80b1c654c141-d4d7550f-44df-4b3f-8240-c91097a61818
2025-04-15 17:40:21,796 - INFO - Capturing request: https://cdn.zeptonow.com/production/tr:w-400,ar-1494-1494,pr-true,f-auto,q-80/cms/product_variant/3cc811b0-b570-460e-9a3e-68d5d022fa5c.jpg
2025-04-15 17:40:21,819 - INFO - Capturing response: https://cdn.zeptonow.com/web-static-assets-prod/artifacts/12.67.0/_next/static/media/da2d79f03b5ed4e3-s.woff2 200 
2025-04-15 17:40:21,825 - INFO - Capturing request: https://cdn.zeptonow.com/web-static-assets-prod/artifacts/12.67.0/images/offer-tag.svg
2025-04-15 17:40:21,840 - INFO - Capturing request: https://cdn.zeptonow.com/production/tr:w-400,ar-1500-1500,pr-true,f-auto,q-80/cms/product_variant/37e27608-bae3-492b-acd5-fc94c7dd3722.jpg
2025-04-15 17:40:21,858 - INFO - Capturing request: https://cdn.zeptonow.com/production/tr:w-400,ar-1080-1080,pr-true,f-auto,q-80/cms/product_variant/1f4cdc4e-881c-466a-8894-035983bb3758.jpeg
2025-04-15 17:40:21,861 - INFO - Capturing request: https://cdn.zeptonow.com/production/tr:w-400,ar-2000-2000,pr-true,f-auto,q-80/cms/product_variant/3914b79d-2e1a-4422-887a-513ecacf7196.jpeg
2025-04-15 17:40:21,863 - INFO - Capturing request: https://cdn.zeptonow.com/production/tr:w-400,ar-1500-1500,pr-true,f-auto,q-80/cms/product_variant/3ee68614-1b41-49d6-a16a-c364cc628df8.jpg
2025-04-15 17:40:21,870 - INFO - Capturing request: https://cdn.zeptonow.com/production/tr:w-400,ar-1500-1500,pr-true,f-auto,q-80/cms/product_variant/d1dc01bd-42e4-4548-98a8-bd56f6cc2999.jpg
2025-04-15 17:40:21,879 - INFO - Capturing request: https://cdn.zeptonow.com/production/tr:w-400,ar-1000-1000,pr-true,f-auto,q-80/cms/product_variant/47e98820-6345-4233-b05b-4adde7c51796.jpeg
2025-04-15 17:40:21,911 - INFO - Capturing request: https://cdn.zeptonow.com/production/tr:w-400,ar-1000-1000,pr-true,f-auto,q-80/cms/product_variant/089d886a-a0fc-4f15-914d-8900af4a098d.jpg
2025-04-15 17:40:21,939 - INFO - Capturing request: https://cdn.zeptonow.com/production/tr:w-400,ar-1500-1500,pr-true,f-auto,q-80/cms/product_variant/6e868015-edfb-4b42-9c65-afa8683b8dd8.jpg
2025-04-15 17:40:21,948 - INFO - Capturing request: https://cdn.zeptonow.com/production/tr:w-400,ar-1500-1500,pr-true,f-auto,q-80/inventory/product/5fad9ada-44ac-4df7-8507-cd17def9a41f-734.jpg
2025-04-15 17:40:21,982 - INFO - Capturing request: https://cdn.zeptonow.com/production/tr:w-400,ar-1500-1500,pr-true,f-auto,q-80/cms/product_variant/32d86f71-73a0-46b8-b970-26be3ff30ffb.jpg
2025-04-15 17:40:21,990 - INFO - Capturing request: https://cdn.zeptonow.com/production/tr:w-400,ar-1500-1500,pr-true,f-auto,q-80/cms/product_variant/f6cb430b-c773-43bd-ad08-d9732517f232.jpg
2025-04-15 17:40:22,003 - INFO - Capturing response: https://cdn.zeptonow.com/production/tr:w-90,ar-500-500,pr-true,f-auto,q-80/cms/sub_category/aefb7b57-3681-4bfe-88d9-d2cc3ce9e038.png 200 
2025-04-15 17:40:22,005 - INFO - Capturing request: https://cdn.zeptonow.com/production/tr:w-400,ar-1500-1500,pr-true,f-auto,q-80/cms/product_variant/aea4a305-75e3-480b-8d3a-f08420371761.jpg
2025-04-15 17:40:22,012 - INFO - Capturing request: https://cdn.zeptonow.com/production/tr:w-400,ar-1494-1494,pr-true,f-auto,q-80/cms/product_variant/12daa30d-a270-476b-9d68-944df036361c.jpg
2025-04-15 17:40:22,015 - INFO - Capturing request: https://cdn.zeptonow.com/production/tr:w-400,ar-1500-1500,pr-true,f-auto,q-80/cms/product_variant/2a911d06-4361-4746-9379-a4d2b7ae70e5.jpg
2025-04-15 17:40:22,023 - INFO - Capturing request: https://cdn.zeptonow.com/production/tr:w-400,ar-2000-2000,pr-true,f-auto,q-80/cms/product_variant/796873d8-a89a-424c-94da-f47deffb5137.jpeg
2025-04-15 17:40:22,025 - INFO - Capturing request: https://cdn.zeptonow.com/production/tr:w-400,ar-1200-1200,pr-true,f-auto,q-80/cms/product_variant/4efbd48b-371b-4daf-9bdf-fd0d884dd8fb.jpeg
2025-04-15 17:40:22,041 - INFO - Capturing response: https://cdn.zeptonow.com/production/tr:w-90,ar-500-500,pr-true,f-auto,q-80/cms/sub_category/ce8dc551-e940-4565-94e5-840d553e0f8e.png 200 
2025-04-15 17:40:22,052 - INFO - Capturing response: https://cdn.zeptonow.com/production/tr:w-90,ar-120-120,pr-true,f-auto,q-80/cms/sub_category/98.png 200 
2025-04-15 17:40:22,055 - INFO - Capturing request: https://cdn.zeptonow.com/production/tr:w-400,ar-1200-1200,pr-true,f-auto,q-80/cms/product_variant/fa3bb96b-c323-4845-8f35-fa1a15c4dd99.jpeg
2025-04-15 17:40:22,108 - INFO - Capturing request: https://cdn.zeptonow.com/production/tr:w-400,ar-736-670,pr-true,f-auto,q-80/cms/product_variant/bd09e8a1-3edb-4ceb-9562-dcf63c0bd684.jpg
2025-04-15 17:40:22,112 - INFO - Capturing request: https://cdn.zeptonow.com/production/tr:w-400,ar-1000-1000,pr-true,f-auto,q-80/cms/product_variant/0d40d0d2-2776-4e57-87ac-3e720fb3b2b3.jpg
2025-04-15 17:40:22,114 - INFO - Capturing request: https://cdn.zeptonow.com/production/tr:w-400,ar-2000-2000,pr-true,f-auto,q-80/cms/product_variant/affdcdfb-205a-4abe-92b0-e94b10a0ecc1.jpeg
2025-04-15 17:40:22,116 - INFO - Capturing request: https://cdn.zeptonow.com/production/tr:w-400,ar-652-720,pr-true,f-auto,q-80/cms/product_variant/6e6c19e0-9063-44d8-8c11-85414efea547.jpg
2025-04-15 17:40:22,128 - INFO - Capturing response: https://cdn.zeptonow.com/production/tr:w-90,ar-120-120,pr-true,f-auto,q-80/cms/sub_category/95.png 200 
2025-04-15 17:40:22,129 - INFO - Capturing request: https://cdn.zeptonow.com/production/tr:w-400,ar-1500-1500,pr-true,f-auto,q-80/cms/product_variant/3b5857af-403c-4439-88c4-175447929025.jpg
2025-04-15 17:40:22,132 - INFO - Capturing request: https://cdn.zeptonow.com/production/tr:w-400,ar-1021-1021,pr-true,f-auto,q-80/cms/product_variant/22f6acb3-766c-4585-ba4f-7a36e5857313.jpeg
2025-04-15 17:40:22,135 - INFO - Capturing request: https://cdn.zeptonow.com/production/tr:w-400,ar-1500-1500,pr-true,f-auto,q-80/cms/product_variant/8a0ece14-ba11-457e-8a8b-0306588a2f06.jpg
2025-04-15 17:40:22,138 - INFO - Capturing request: https://cdn.zeptonow.com/production/tr:w-400,ar-1500-1500,pr-true,f-auto,q-80/cms/product_variant/715d8c64-5f14-4665-8720-3eaec540f541.jpg
2025-04-15 17:40:22,140 - INFO - Capturing request: https://cdn.zeptonow.com/production/tr:w-400,ar-1200-1200,pr-true,f-auto,q-80/cms/product_variant/395a241e-19a2-418f-a099-7c208bb62f48.jpeg
2025-04-15 17:40:22,141 - INFO - Capturing request: https://cdn.zeptonow.com/production/tr:w-400,ar-1200-1200,pr-true,f-auto,q-80/cms/product_variant/9f3ba90d-de2f-4c0a-abbd-338ac9df8c37.jpeg
2025-04-15 17:40:22,144 - INFO - Capturing request: https://cdn.zeptonow.com/production/tr:w-400,ar-1500-1500,pr-true,f-auto,q-80/inventory/product/1dc6bdf7-fe7f-4bbb-9edc-88e541ad2713-1118.jpg
2025-04-15 17:40:22,145 - INFO - Capturing request: https://cdn.zeptonow.com/production/tr:w-400,ar-1500-1500,pr-true,f-auto,q-80/cms/product_variant/89358e88-ebda-440c-a71c-f6ffff48ad6b.jpg
2025-04-15 17:40:22,148 - INFO - Capturing request: https://cdn.zeptonow.com/production/tr:w-400,ar-2000-2000,pr-true,f-auto,q-80/cms/product_variant/df876511-b378-4b36-a9ea-4c35c25a0e0d.jpeg
2025-04-15 17:40:22,149 - INFO - Capturing request: https://cdn.zeptonow.com/production/tr:w-400,ar-679-712,pr-true,f-auto,q-80/cms/product_variant/d4fb1f95-7980-4903-b5b1-7cd8cebb3bbe.jpg
2025-04-15 17:40:22,168 - INFO - Capturing response: https://cdn.zeptonow.com/production/tr:w-90,ar-120-120,pr-true,f-auto,q-80/cms/sub_category/96.png 200 
2025-04-15 17:40:22,177 - INFO - Capturing response: https://cdn.zeptonow.com/production/tr:w-90,ar-120-120,pr-true,f-auto,q-80/cms/sub_category/100.png 200 
2025-04-15 17:40:22,205 - INFO - Capturing response: https://cdn.zeptonow.com/production/tr:w-90,ar-120-120,pr-true,f-auto,q-80/cms/sub_category/c5aab4c8-01be-474c-a2c2-0b56aa83cbda.png 200 
2025-04-15 17:40:22,216 - INFO - Capturing response: https://cdn.zeptonow.com/production/tr:w-90,ar-120-120,pr-true,f-auto,q-80/cms/sub_category/8c0fe11e-3527-4965-8e46-1fe44b37c529.png 200 
2025-04-15 17:40:22,234 - INFO - Capturing response: https://cdn.zeptonow.com/production/tr:w-400,ar-1494-1494,pr-true,f-auto,q-80/cms/product_variant/3cc811b0-b570-460e-9a3e-68d5d022fa5c.jpg 200 
2025-04-15 17:40:22,247 - INFO - Capturing response: https://cdn.zeptonow.com/production/tr:w-400,ar-2000-2000,pr-true,f-auto,q-80/cms/product_variant/3914b79d-2e1a-4422-887a-513ecacf7196.jpeg 200 
2025-04-15 17:40:22,259 - INFO - Capturing response: https://cdn.zeptonow.com/production/tr:w-90,ar-120-120,pr-true,f-auto,q-80/cms/sub_category/b4885954-82ce-4e26-9a1d-2834405dd7e0.png 200 
2025-04-15 17:40:22,270 - INFO - Capturing response: https://cdn.zeptonow.com/production/tr:w-400,ar-1500-1500,pr-true,f-auto,q-80/cms/product_variant/3ee68614-1b41-49d6-a16a-c364cc628df8.jpg 200 
2025-04-15 17:40:22,284 - INFO - Capturing response: https://cdn.zeptonow.com/production/tr:w-90,ar-120-120,pr-true,f-auto,q-80/cms/sub_category/97.png 200 
2025-04-15 17:40:22,298 - INFO - Capturing response: https://cdn.zeptonow.com/production/tr:w-90,ar-120-120,pr-true,f-auto,q-80/cms/sub_category/101.png 200 
2025-04-15 17:40:22,305 - INFO - Capturing response: https://cdn.zeptonow.com/production/tr:w-90,ar-140-140,pr-true,f-auto,q-80/cms/sub_category/0e5e4feb-9f93-4e33-8cf4-ff202346b992.png 200 
2025-04-15 17:40:22,311 - INFO - Capturing response: https://cdn.zeptonow.com/production/tr:w-400,ar-1000-1000,pr-true,f-auto,q-80/cms/product_variant/47e98820-6345-4233-b05b-4adde7c51796.jpeg 200 
2025-04-15 17:40:22,332 - INFO - Capturing response: https://cdn.zeptonow.com/web-static-assets-prod/artifacts/12.67.0/_next/static/chunks/app/(main)/(plp)/cn/%5Bcn_slug%5D/%5Bsc_slug%5D/cid/%5Bcid%5D/scid/%5Bscid%5D/page-0bf48d731d2ea478.js 200 
2025-04-15 17:40:22,348 - INFO - Capturing response: https://cdn.zeptonow.com/production/tr:w-400,ar-1500-1500,pr-true,f-auto,q-80/inventory/product/5fad9ada-44ac-4df7-8507-cd17def9a41f-734.jpg 200 
2025-04-15 17:40:22,369 - INFO - Capturing response: https://cdn.zeptonow.com/production/tr:w-90,ar-120-121,pr-true,f-auto,q-80/cms/sub_category/103.png 200 
2025-04-15 17:40:22,379 - INFO - Capturing response: https://cdn.zeptonow.com/production/tr:w-400,ar-1500-1500,pr-true,f-auto,q-80/cms/product_variant/32d86f71-73a0-46b8-b970-26be3ff30ffb.jpg 200 
2025-04-15 17:40:22,392 - INFO - Capturing response: https://cdn.zeptonow.com/production/tr:w-400,ar-1500-1500,pr-true,f-auto,q-80/cms/product_variant/f6cb430b-c773-43bd-ad08-d9732517f232.jpg 200 
2025-04-15 17:40:22,403 - INFO - Capturing response: https://cdn.zeptonow.com/production/tr:w-400,ar-1500-1500,pr-true,f-auto,q-80/cms/product_variant/aea4a305-75e3-480b-8d3a-f08420371761.jpg 200 
2025-04-15 17:40:22,424 - INFO - Capturing response: https://cdn.zeptonow.com/production/tr:w-400,ar-1494-1494,pr-true,f-auto,q-80/cms/product_variant/12daa30d-a270-476b-9d68-944df036361c.jpg 200 
2025-04-15 17:40:22,439 - INFO - Capturing response: https://cdn.zeptonow.com/web-static-assets-prod/artifacts/12.67.0/images/offer-tag.svg 200 
2025-04-15 17:40:22,458 - INFO - Capturing response: https://cdn.zeptonow.com/production/tr:w-400,ar-2000-2000,pr-true,f-auto,q-80/cms/product_variant/796873d8-a89a-424c-94da-f47deffb5137.jpeg 200 
2025-04-15 17:40:22,468 - INFO - Capturing response: https://cdn.zeptonow.com/production/tr:w-400,ar-1500-1500,pr-true,f-auto,q-80/cms/product_variant/37e27608-bae3-492b-acd5-fc94c7dd3722.jpg 200 
2025-04-15 17:40:22,475 - INFO - Capturing response: https://cdn.zeptonow.com/production/tr:w-400,ar-1200-1200,pr-true,f-auto,q-80/cms/product_variant/4efbd48b-371b-4daf-9bdf-fd0d884dd8fb.jpeg 200 
2025-04-15 17:40:22,489 - INFO - Capturing response: https://cdn.zeptonow.com/production/tr:w-400,ar-1200-1200,pr-true,f-auto,q-80/cms/product_variant/fa3bb96b-c323-4845-8f35-fa1a15c4dd99.jpeg 200 
2025-04-15 17:40:22,498 - INFO - Capturing response: https://cdn.zeptonow.com/production/tr:w-400,ar-736-670,pr-true,f-auto,q-80/cms/product_variant/bd09e8a1-3edb-4ceb-9562-dcf63c0bd684.jpg 200 
2025-04-15 17:40:22,508 - INFO - Capturing response: https://cdn.zeptonow.com/production/tr:w-400,ar-1000-1000,pr-true,f-auto,q-80/cms/product_variant/0d40d0d2-2776-4e57-87ac-3e720fb3b2b3.jpg 200 
2025-04-15 17:40:22,521 - INFO - Capturing response: https://cdn.zeptonow.com/production/tr:w-640,ar-912-570,pr-true,f-auto,q-80/inventory/banner/56ede3f8-13a3-4c90-a139-80b1c654c141-d4d7550f-44df-4b3f-8240-c91097a61818 200 
2025-04-15 17:40:22,532 - INFO - Capturing response: https://cdn.zeptonow.com/production/tr:w-400,ar-1500-1500,pr-true,f-auto,q-80/cms/product_variant/3b5857af-403c-4439-88c4-175447929025.jpg 200 
2025-04-15 17:40:22,545 - INFO - Capturing response: https://cdn.zeptonow.com/production/tr:w-400,ar-1500-1500,pr-true,f-auto,q-80/cms/product_variant/8a0ece14-ba11-457e-8a8b-0306588a2f06.jpg 200 
2025-04-15 17:40:22,553 - INFO - Capturing response: https://cdn.zeptonow.com/production/tr:w-400,ar-1200-1200,pr-true,f-auto,q-80/cms/product_variant/395a241e-19a2-418f-a099-7c208bb62f48.jpeg 200 
2025-04-15 17:40:22,563 - INFO - Capturing response: https://cdn.zeptonow.com/production/tr:w-400,ar-1500-1500,pr-true,f-auto,q-80/cms/product_variant/89358e88-ebda-440c-a71c-f6ffff48ad6b.jpg 200 
2025-04-15 17:40:22,573 - INFO - Capturing response: https://cdn.zeptonow.com/production/tr:w-400,ar-2000-2000,pr-true,f-auto,q-80/cms/product_variant/df876511-b378-4b36-a9ea-4c35c25a0e0d.jpeg 200 
2025-04-15 17:40:22,588 - INFO - Capturing response: https://cdn.zeptonow.com/production/tr:w-400,ar-679-712,pr-true,f-auto,q-80/cms/product_variant/d4fb1f95-7980-4903-b5b1-7cd8cebb3bbe.jpg 200 
2025-04-15 17:40:22,592 - INFO - Capturing response: https://cdn.zeptonow.com/production/tr:w-400,ar-1080-1080,pr-true,f-auto,q-80/cms/product_variant/1f4cdc4e-881c-466a-8894-035983bb3758.jpeg 200 
2025-04-15 17:40:22,600 - INFO - Capturing response: https://cdn.zeptonow.com/production/tr:w-400,ar-1500-1500,pr-true,f-auto,q-80/cms/product_variant/d1dc01bd-42e4-4548-98a8-bd56f6cc2999.jpg 200 
2025-04-15 17:40:22,609 - INFO - Capturing response: https://cdn.zeptonow.com/production/tr:w-400,ar-1500-1500,pr-true,f-auto,q-80/cms/product_variant/6e868015-edfb-4b42-9c65-afa8683b8dd8.jpg 200 
2025-04-15 17:40:22,616 - INFO - Capturing response: https://cdn.zeptonow.com/production/tr:w-400,ar-1500-1500,pr-true,f-auto,q-80/cms/product_variant/2a911d06-4361-4746-9379-a4d2b7ae70e5.jpg 200 
2025-04-15 17:40:22,631 - INFO - Capturing response: https://cdn.zeptonow.com/production/tr:w-400,ar-652-720,pr-true,f-auto,q-80/cms/product_variant/6e6c19e0-9063-44d8-8c11-85414efea547.jpg 200 
2025-04-15 17:40:22,638 - INFO - Capturing response: https://cdn.zeptonow.com/production/tr:w-400,ar-1500-1500,pr-true,f-auto,q-80/cms/product_variant/715d8c64-5f14-4665-8720-3eaec540f541.jpg 200 
2025-04-15 17:40:22,644 - INFO - Capturing response: https://cdn.zeptonow.com/production/tr:w-400,ar-2000-2000,pr-true,f-auto,q-80/cms/product_variant/affdcdfb-205a-4abe-92b0-e94b10a0ecc1.jpeg 200 
2025-04-15 17:40:22,655 - INFO - Capturing response: https://cdn.zeptonow.com/production/tr:w-400,ar-1021-1021,pr-true,f-auto,q-80/cms/product_variant/22f6acb3-766c-4585-ba4f-7a36e5857313.jpeg 200 
2025-04-15 17:40:22,662 - INFO - Capturing response: https://cdn.zeptonow.com/production/tr:w-400,ar-1500-1500,pr-true,f-auto,q-80/inventory/product/1dc6bdf7-fe7f-4bbb-9edc-88e541ad2713-1118.jpg 200 
2025-04-15 17:40:22,668 - INFO - Capturing response: https://cdn.zeptonow.com/production/tr:w-400,ar-1200-1200,pr-true,f-auto,q-80/cms/product_variant/9f3ba90d-de2f-4c0a-abbd-338ac9df8c37.jpeg 200 
2025-04-15 17:40:22,680 - INFO - Capturing response: https://cdn.zeptonow.com/production/tr:w-400,ar-1000-1000,pr-true,f-auto,q-80/cms/product_variant/089d886a-a0fc-4f15-914d-8900af4a098d.jpg 200 
2025-04-15 17:40:22,687 - INFO - Capturing response: https://cdn.zeptonow.com/web-static-assets-prod/artifacts/12.67.0/_next/static/chunks/app/layout-9a125d5a26c0af0f.js 200 
2025-04-15 17:40:22,692 - INFO - Capturing response: https://cdn.zeptonow.com/web-static-assets-prod/artifacts/12.67.0/_next/static/chunks/app/(main)/(plp)/cn/%5Bcn_slug%5D/%5Bsc_slug%5D/cid/%5Bcid%5D/scid/%5Bscid%5D/layout-87dc5832d191df0a.js 200 
2025-04-15 17:40:22,697 - INFO - Capturing response: https://cdn.zeptonow.com/web-static-assets-prod/artifacts/12.67.0/_next/static/chunks/app/not-found-c8439800333e0025.js 200 
2025-04-15 17:40:23,057 - INFO - Capturing request: https://www.googletagmanager.com/gtag/js?id=G-52LKG2B3L1&l=dataLayer&cx=c&gtm=45He54b0v9103639812za200&tag_exp=102509683~102665699~102803279~102813109~102887800~102926062~103021830~103027016~103051953~103055465~103077950
2025-04-15 17:40:23,118 - INFO - Capturing request: https://cdn.mxpnl.com/libs/mixpanel-js-wrapper.min.js
2025-04-15 17:40:23,146 - INFO - Capturing response: https://cdn.mxpnl.com/libs/mixpanel-js-wrapper.min.js 200 
2025-04-15 17:40:23,166 - INFO - Capturing request: https://www.zeptonow.com/sw.js
2025-04-15 17:40:23,195 - INFO - Capturing request: https://connect.facebook.net/en_US/fbevents.js
2025-04-15 17:40:23,214 - INFO - Capturing response: https://www.zeptonow.com/sw.js 200 
2025-04-15 17:40:23,217 - INFO - Capturing request: https://www.google.com/ccm/collect?en=page_view&dl=https%3A%2F%2Fwww.zeptonow.com%2Fcn%2Fcold-drinks-juices%2Ftop-picks%2Fcid%2F947a72ae-b371-45cb-ad3a-778c05b64399%2Fscid%2F7dceec53-78f9-4f06-83d7-c8edd9c2f71a&scrsrc=www.googletagmanager.com&frm=0&rnd=1941694133.1744719023&dt=Top%20Picks%20-%20Buy%20Top%20Picks%20Online%20at%20Best%20Price%20Near%20You%20%7C%20Zepto&auid=535744575.1744719023&navt=n&npa=0&gtm=45He54b0v9103639812za200&gcd=13l3l3l3l1l1&dma=0&tag_exp=102509683~102665699~102803279~102813109~102887800~102926062~103021830~103027016~103051953~103055465~103077950&tft=1744719022928&tfd=3687&apve=1
2025-04-15 17:40:23,224 - INFO - Capturing request: https://www.zeptonow.com/images/super-saver/super-saver-inactive.svg
2025-04-15 17:40:23,263 - INFO - Capturing response: https://connect.facebook.net/en_US/fbevents.js 200 
2025-04-15 17:40:23,272 - INFO - Capturing response: https://www.zeptonow.com/images/super-saver/super-saver-inactive.svg 200 
2025-04-15 17:40:23,292 - INFO - Capturing request: https://www.googletagmanager.com/static/service_worker/54a0/sw_iframe.html?origin=https%3A%2F%2Fwww.zeptonow.com
2025-04-15 17:40:23,321 - INFO - Capturing request: https://cdn.mxpnl.com/libs/mixpanel-2-latest.min.js
2025-04-15 17:40:23,348 - INFO - Capturing response: https://www.googletagmanager.com/gtag/js?id=G-52LKG2B3L1&l=dataLayer&cx=c&gtm=45He54b0v9103639812za200&tag_exp=102509683~102665699~102803279~102813109~102887800~102926062~103021830~103027016~103051953~103055465~103077950 200 
2025-04-15 17:40:23,369 - INFO - Capturing request: https://www.zeptonow.com/workbox-04944508.js
2025-04-15 17:40:23,374 - INFO - Capturing response: https://cdn.mxpnl.com/libs/mixpanel-2-latest.min.js 200 
2025-04-15 17:40:23,403 - INFO - Capturing response: https://www.zeptonow.com/workbox-04944508.js 200 
2025-04-15 17:40:23,411 - INFO - Capturing response: https://www.google.com/ccm/collect?en=page_view&dl=https%3A%2F%2Fwww.zeptonow.com%2Fcn%2Fcold-drinks-juices%2Ftop-picks%2Fcid%2F947a72ae-b371-45cb-ad3a-778c05b64399%2Fscid%2F7dceec53-78f9-4f06-83d7-c8edd9c2f71a&scrsrc=www.googletagmanager.com&frm=0&rnd=1941694133.1744719023&dt=Top%20Picks%20-%20Buy%20Top%20Picks%20Online%20at%20Best%20Price%20Near%20You%20%7C%20Zepto&auid=535744575.1744719023&navt=n&npa=0&gtm=45He54b0v9103639812za200&gcd=13l3l3l3l1l1&dma=0&tag_exp=102509683~102665699~102803279~102813109~102887800~102926062~103021830~103027016~103051953~103055465~103077950&tft=1744719022928&tfd=3687&apve=1 200 
2025-04-15 17:40:23,421 - INFO - Capturing response: https://www.googletagmanager.com/static/service_worker/54a0/sw_iframe.html?origin=https%3A%2F%2Fwww.zeptonow.com 200 
2025-04-15 17:40:23,527 - INFO - Capturing request: https://www.zeptonow.com/worker-65k7LYRnbRYYkJ9vCSgPR.js
2025-04-15 17:40:23,562 - INFO - Capturing response: https://www.zeptonow.com/worker-65k7LYRnbRYYkJ9vCSgPR.js 200 
2025-04-15 17:40:23,588 - INFO - Capturing request: https://www.googletagmanager.com/static/service_worker/54a0/sw.js?origin=https%3A%2F%2Fwww.zeptonow.com
2025-04-15 17:40:23,620 - INFO - Capturing request: https://connect.facebook.net/signals/config/932680588440323?v=2.9.197&r=stable&domain=www.zeptonow.com&hme=3469cd2310bfdef0792a05d8d61fe44de3551987a5200ece9665feac8460097d&ex_m=72%2C128%2C113%2C117%2C63%2C5%2C106%2C71%2C17%2C101%2C93%2C52%2C56%2C182%2C185%2C197%2C193%2C194%2C196%2C30%2C107%2C54%2C79%2C195%2C177%2C180%2C190%2C191%2C198%2C139%2C42%2C203%2C200%2C201%2C35%2C152%2C16%2C51%2C207%2C206%2C141%2C19%2C41%2C1%2C44%2C67%2C68%2C69%2C73%2C97%2C18%2C15%2C100%2C96%2C95%2C114%2C53%2C116%2C40%2C115%2C31%2C98%2C27%2C178%2C181%2C149%2C12%2C13%2C14%2C7%2C8%2C26%2C23%2C24%2C59%2C64%2C66%2C77%2C55%2C105%2C108%2C28%2C78%2C10%2C9%2C82%2C49%2C22%2C110%2C109%2C111%2C102%2C11%2C21%2C3%2C39%2C76%2C20%2C161%2C88%2C135%2C29%2C75%2C0%2C99%2C58%2C86%2C34%2C84%2C85%2C92%2C48%2C47%2C90%2C91%2C38%2C6%2C94%2C83%2C45%2C33%2C36%2C89%2C4%2C87%2C248%2C175%2C126%2C164%2C157%2C2%2C37%2C65%2C43%2C112%2C46%2C81%2C70%2C118%2C62%2C61%2C32%2C103%2C60%2C57%2C50%2C80%2C74%2C25%2C104%2C119
2025-04-15 17:40:23,653 - INFO - Capturing response: https://connect.facebook.net/signals/config/932680588440323?v=2.9.197&r=stable&domain=www.zeptonow.com&hme=3469cd2310bfdef0792a05d8d61fe44de3551987a5200ece9665feac8460097d&ex_m=72%2C128%2C113%2C117%2C63%2C5%2C106%2C71%2C17%2C101%2C93%2C52%2C56%2C182%2C185%2C197%2C193%2C194%2C196%2C30%2C107%2C54%2C79%2C195%2C177%2C180%2C190%2C191%2C198%2C139%2C42%2C203%2C200%2C201%2C35%2C152%2C16%2C51%2C207%2C206%2C141%2C19%2C41%2C1%2C44%2C67%2C68%2C69%2C73%2C97%2C18%2C15%2C100%2C96%2C95%2C114%2C53%2C116%2C40%2C115%2C31%2C98%2C27%2C178%2C181%2C149%2C12%2C13%2C14%2C7%2C8%2C26%2C23%2C24%2C59%2C64%2C66%2C77%2C55%2C105%2C108%2C28%2C78%2C10%2C9%2C82%2C49%2C22%2C110%2C109%2C111%2C102%2C11%2C21%2C3%2C39%2C76%2C20%2C161%2C88%2C135%2C29%2C75%2C0%2C99%2C58%2C86%2C34%2C84%2C85%2C92%2C48%2C47%2C90%2C91%2C38%2C6%2C94%2C83%2C45%2C33%2C36%2C89%2C4%2C87%2C248%2C175%2C126%2C164%2C157%2C2%2C37%2C65%2C43%2C112%2C46%2C81%2C70%2C118%2C62%2C61%2C32%2C103%2C60%2C57%2C50%2C80%2C74%2C25%2C104%2C119 200 
2025-04-15 17:40:23,708 - INFO - Capturing response: https://www.googletagmanager.com/static/service_worker/54a0/sw.js?origin=https%3A%2F%2Fwww.zeptonow.com 200 
2025-04-15 17:40:23,890 - INFO - Capturing request: https://api.zeptonow.com/api/v2/get_page?latitude=12.96953&longitude=77.74954&page_type=HOME&version=v2&show_new_eta_banner=false&page_size=1&enforce_platform_type=DESKTOP
2025-04-15 17:40:23,974 - INFO - Capturing request: https://api-js.mixpanel.com/track/?ip=1&_=1744719023733
2025-04-15 17:40:23,982 - INFO - Capturing request: https://api-js.mixpanel.com/track/?ip=1&_=1744719023751
2025-04-15 17:40:23,991 - INFO - Capturing request: https://api-js.mixpanel.com/track/?ip=1&_=1744719023740
2025-04-15 17:40:24,026 - INFO - Capturing request: https://td.doubleclick.net/td/ga/rul?tid=G-52LKG2B3L1&gacid=1415728120.1744719024&gtm=45je54b0v893472357z89103639812za200zb9103639812&dma=0&gcd=13l3l3l3l1l1&npa=0&pscdl=noapi&aip=1&fledge=1&frm=0&tag_exp=102509682~102803279~102813109~102887800~102926062~103021830~103027016~103051953~103055465~103077950&z=1419280500
2025-04-15 17:40:24,076 - INFO - Capturing request: https://www.google.co.in/ads/ga-audiences?v=1&t=sr&slf_rd=1&_r=4&tid=G-52LKG2B3L1&cid=1415728120.1744719024&gtm=45je54b0v893472357z89103639812za200zb9103639812&aip=1&dma=0&gcd=13l3l3l3l1l1&npa=0&frm=0&tag_exp=102509682~102803279~102813109~102887800~102926062~103021830~103027016~103051953~103055465~103077950&tag_exp=102509682~102803279~102813109~102887800~102926062~103021830~103027016~103051953~103055465~103077950&z=2035730805
2025-04-15 17:40:24,088 - INFO - Capturing response: https://api.zeptonow.com/api/v2/get_page?latitude=12.96953&longitude=77.74954&page_type=HOME&version=v2&show_new_eta_banner=false&page_size=1&enforce_platform_type=DESKTOP 200 
2025-04-15 17:40:24,106 - INFO - Capturing response: https://api-js.mixpanel.com/track/?ip=1&_=1744719023733 200 
2025-04-15 17:40:24,111 - INFO - Capturing request: https://analytics.google.com/g/collect?v=2&tid=G-52LKG2B3L1&gtm=45je54b0v893472357z89103639812za200zb9103639812&_p=1744719022802&_gaz=1&gcd=13l3l3l3l1l1&npa=0&dma=0&tag_exp=102509682~102803279~102813109~102887800~102926062~103021830~103027016~103051953~103055465~103077950&cid=1415728120.1744719024&ecid=400576078&ul=en-gb&sr=800x600&ir=1&uaa=&uab=&uafvl=&uamb=0&uam=&uap=Linux&uapv=&uaw=0&are=1&pae=1&frm=0&pscdl=noapi&ec_mode=a&_eu=EA&_s=1&sid=1744719023&sct=1&seg=0&dl=https%3A%2F%2Fwww.zeptonow.com%2Fcn%2Fcold-drinks-juices%2Ftop-picks%2Fcid%2F947a72ae-b371-45cb-ad3a-778c05b64399%2Fscid%2F7dceec53-78f9-4f06-83d7-c8edd9c2f71a&dt=Top%20Picks%20-%20Buy%20Top%20Picks%20Online%20at%20Best%20Price%20Near%20You%20%7C%20Zepto&en=page_view&_fv=1&_nsi=1&_ss=2&tfd=4354
2025-04-15 17:40:24,116 - INFO - Capturing response: https://td.doubleclick.net/td/ga/rul?tid=G-52LKG2B3L1&gacid=1415728120.1744719024&gtm=45je54b0v893472357z89103639812za200zb9103639812&dma=0&gcd=13l3l3l3l1l1&npa=0&pscdl=noapi&aip=1&fledge=1&frm=0&tag_exp=102509682~102803279~102813109~102887800~102926062~103021830~103027016~103051953~103055465~103077950&z=1419280500 200 
2025-04-15 17:40:24,140 - INFO - Capturing response: https://api-js.mixpanel.com/track/?ip=1&_=1744719023751 200 
2025-04-15 17:40:24,145 - INFO - Capturing response: https://api-js.mixpanel.com/track/?ip=1&_=1744719023740 200 
2025-04-15 17:40:24,166 - INFO - Capturing request: https://cdn.zeptonow.com/production/tr:w-400,ar-1494-1494,pr-true,f-auto,q-80/cms/product_variant/3cc811b0-b570-460e-9a3e-68d5d022fa5c.jpg
2025-04-15 17:40:24,176 - INFO - Capturing request: https://cdn.zeptonow.com/production/tr:w-400,ar-1500-1500,pr-true,f-auto,q-80/cms/product_variant/37e27608-bae3-492b-acd5-fc94c7dd3722.jpg
2025-04-15 17:40:24,182 - INFO - Capturing request: https://cdn.zeptonow.com/production/tr:w-400,ar-2000-2000,pr-true,f-auto,q-80/cms/product_variant/3914b79d-2e1a-4422-887a-513ecacf7196.jpeg
2025-04-15 17:40:24,183 - INFO - Capturing request: https://cdn.zeptonow.com/production/tr:w-400,ar-1080-1080,pr-true,f-auto,q-80/cms/product_variant/1f4cdc4e-881c-466a-8894-035983bb3758.jpeg
2025-04-15 17:40:24,198 - INFO - Capturing response: https://cdn.zeptonow.com/production/tr:w-400,ar-1494-1494,pr-true,f-auto,q-80/cms/product_variant/3cc811b0-b570-460e-9a3e-68d5d022fa5c.jpg 200 
2025-04-15 17:40:24,208 - INFO - Capturing response: https://analytics.google.com/g/collect?v=2&tid=G-52LKG2B3L1&gtm=45je54b0v893472357z89103639812za200zb9103639812&_p=1744719022802&_gaz=1&gcd=13l3l3l3l1l1&npa=0&dma=0&tag_exp=102509682~102803279~102813109~102887800~102926062~103021830~103027016~103051953~103055465~103077950&cid=1415728120.1744719024&ecid=400576078&ul=en-gb&sr=800x600&ir=1&uaa=&uab=&uafvl=&uamb=0&uam=&uap=Linux&uapv=&uaw=0&are=1&pae=1&frm=0&pscdl=noapi&ec_mode=a&_eu=EA&_s=1&sid=1744719023&sct=1&seg=0&dl=https%3A%2F%2Fwww.zeptonow.com%2Fcn%2Fcold-drinks-juices%2Ftop-picks%2Fcid%2F947a72ae-b371-45cb-ad3a-778c05b64399%2Fscid%2F7dceec53-78f9-4f06-83d7-c8edd9c2f71a&dt=Top%20Picks%20-%20Buy%20Top%20Picks%20Online%20at%20Best%20Price%20Near%20You%20%7C%20Zepto&en=page_view&_fv=1&_nsi=1&_ss=2&tfd=4354 204 
2025-04-15 17:40:24,216 - INFO - Capturing request: https://cdn.zeptonow.com/production/tr:w-400,ar-1500-1500,pr-true,f-auto,q-80/cms/product_variant/d1dc01bd-42e4-4548-98a8-bd56f6cc2999.jpg
2025-04-15 17:40:24,218 - INFO - Capturing request: https://stats.g.doubleclick.net/g/collect?v=2&tid=G-52LKG2B3L1&cid=1415728120.1744719024&gtm=45je54b0v893472357z89103639812za200zb9103639812&aip=1&dma=0&gcd=13l3l3l3l1l1&npa=0&frm=0&tag_exp=102509682~102803279~102813109~102887800~102926062~103021830~103027016~103051953~103055465~103077950
2025-04-15 17:40:24,222 - INFO - Capturing request: https://cdn.zeptonow.com/production/tr:w-400,ar-1500-1500,pr-true,f-auto,q-80/cms/product_variant/3ee68614-1b41-49d6-a16a-c364cc628df8.jpg
2025-04-15 17:40:24,233 - INFO - Capturing response: https://cdn.zeptonow.com/production/tr:w-400,ar-1500-1500,pr-true,f-auto,q-80/cms/product_variant/37e27608-bae3-492b-acd5-fc94c7dd3722.jpg 200 
2025-04-15 17:40:24,239 - INFO - Capturing response: https://cdn.zeptonow.com/production/tr:w-400,ar-1080-1080,pr-true,f-auto,q-80/cms/product_variant/1f4cdc4e-881c-466a-8894-035983bb3758.jpeg 200 
2025-04-15 17:40:24,247 - INFO - Capturing response: https://www.google.co.in/ads/ga-audiences?v=1&t=sr&slf_rd=1&_r=4&tid=G-52LKG2B3L1&cid=1415728120.1744719024&gtm=45je54b0v893472357z89103639812za200zb9103639812&aip=1&dma=0&gcd=13l3l3l3l1l1&npa=0&frm=0&tag_exp=102509682~102803279~102813109~102887800~102926062~103021830~103027016~103051953~103055465~103077950&tag_exp=102509682~102803279~102813109~102887800~102926062~103021830~103027016~103051953~103055465~103077950&z=2035730805 200 
2025-04-15 17:40:24,254 - INFO - Capturing response: https://cdn.zeptonow.com/production/tr:w-400,ar-2000-2000,pr-true,f-auto,q-80/cms/product_variant/3914b79d-2e1a-4422-887a-513ecacf7196.jpeg 200 
2025-04-15 17:40:24,274 - INFO - Capturing response: https://cdn.zeptonow.com/production/tr:w-400,ar-1500-1500,pr-true,f-auto,q-80/cms/product_variant/d1dc01bd-42e4-4548-98a8-bd56f6cc2999.jpg 200 
2025-04-15 17:40:24,282 - INFO - Capturing response: https://cdn.zeptonow.com/production/tr:w-400,ar-1500-1500,pr-true,f-auto,q-80/cms/product_variant/3ee68614-1b41-49d6-a16a-c364cc628df8.jpg 200 
2025-04-15 17:40:24,307 - INFO - Capturing response: https://stats.g.doubleclick.net/g/collect?v=2&tid=G-52LKG2B3L1&cid=1415728120.1744719024&gtm=45je54b0v893472357z89103639812za200zb9103639812&aip=1&dma=0&gcd=13l3l3l3l1l1&npa=0&frm=0&tag_exp=102509682~102803279~102813109~102887800~102926062~103021830~103027016~103051953~103055465~103077950 204 
2025-04-15 17:40:24,391 - INFO - Capturing request: https://cdn.zeptonow.com/web-static-assets-prod/artifacts/12.67.0/_next/static/chunks/2091.e785ee56bb1b7066.js
2025-04-15 17:40:24,406 - INFO - Capturing request: https://cdn.zeptonow.com/web-static-assets-prod/artifacts/12.67.0/images/header/primary-logo.svg
2025-04-15 17:40:24,419 - INFO - Capturing response: https://cdn.zeptonow.com/web-static-assets-prod/artifacts/12.67.0/_next/static/chunks/2091.e785ee56bb1b7066.js 200 
2025-04-15 17:40:24,431 - INFO - Capturing response: https://cdn.zeptonow.com/web-static-assets-prod/artifacts/12.67.0/images/header/primary-logo.svg 200 
2025-04-15 17:40:24,443 - INFO - Capturing request: https://cdn.zeptonow.com/web-static-assets-prod/artifacts/12.67.0/images/offer-tag.svg
2025-04-15 17:40:24,445 - INFO - Capturing request: https://www.zeptonow.com/images/super-saver/super-saver-inactive.svg
2025-04-15 17:40:24,447 - INFO - Capturing request: https://cdn.zeptonow.com/production/tr:w-400,ar-1000-1000,pr-true,f-auto,q-80/cms/product_variant/47e98820-6345-4233-b05b-4adde7c51796.jpeg
2025-04-15 17:40:24,468 - INFO - Capturing response: https://cdn.zeptonow.com/web-static-assets-prod/artifacts/12.67.0/images/offer-tag.svg 200 
2025-04-15 17:40:24,473 - INFO - Capturing request: https://cdn.zeptonow.com/production/tr:w-400,ar-1000-1000,pr-true,f-auto,q-80/cms/product_variant/089d886a-a0fc-4f15-914d-8900af4a098d.jpg
2025-04-15 17:40:24,484 - INFO - Capturing response: https://www.zeptonow.com/images/super-saver/super-saver-inactive.svg 200 
2025-04-15 17:40:24,493 - INFO - Capturing response: https://cdn.zeptonow.com/production/tr:w-400,ar-1000-1000,pr-true,f-auto,q-80/cms/product_variant/47e98820-6345-4233-b05b-4adde7c51796.jpeg 200 
2025-04-15 17:40:24,511 - INFO - Capturing response: https://cdn.zeptonow.com/production/tr:w-400,ar-1000-1000,pr-true,f-auto,q-80/cms/product_variant/089d886a-a0fc-4f15-914d-8900af4a098d.jpg 200 
2025-04-15 17:40:24,512 - INFO - Capturing request: https://www.facebook.com/tr/?id=932680588440323&ev=PageView&dl=https%3A%2F%2Fwww.zeptonow.com%2Fcn%2Fcold-drinks-juices%2Ftop-picks%2Fcid%2F947a72ae-b371-45cb-ad3a-778c05b64399%2Fscid%2F7dceec53-78f9-4f06-83d7-c8edd9c2f71a&rl=&if=false&ts=1744719023837&sw=800&sh=600&v=2.9.197&r=stable&ec=0&o=4126&fbp=fb.1.1744719023816.91638231588244374&ler=empty&cdl=API_unavailable&it=1744719023512&coo=false&exp=k2&rqm=GET
2025-04-15 17:40:24,518 - INFO - Capturing request: https://www.facebook.com/privacy_sandbox/pixel/register/trigger/?id=932680588440323&ev=PageView&dl=https%3A%2F%2Fwww.zeptonow.com%2Fcn%2Fcold-drinks-juices%2Ftop-picks%2Fcid%2F947a72ae-b371-45cb-ad3a-778c05b64399%2Fscid%2F7dceec53-78f9-4f06-83d7-c8edd9c2f71a&rl=&if=false&ts=1744719023837&sw=800&sh=600&v=2.9.197&r=stable&ec=0&o=4126&fbp=fb.1.1744719023816.91638231588244374&ler=empty&cdl=API_unavailable&it=1744719023512&coo=false&exp=k2&rqm=FGET
2025-04-15 17:40:24,531 - INFO - Capturing response: https://www.facebook.com/tr/?id=932680588440323&ev=PageView&dl=https%3A%2F%2Fwww.zeptonow.com%2Fcn%2Fcold-drinks-juices%2Ftop-picks%2Fcid%2F947a72ae-b371-45cb-ad3a-778c05b64399%2Fscid%2F7dceec53-78f9-4f06-83d7-c8edd9c2f71a&rl=&if=false&ts=1744719023837&sw=800&sh=600&v=2.9.197&r=stable&ec=0&o=4126&fbp=fb.1.1744719023816.91638231588244374&ler=empty&cdl=API_unavailable&it=1744719023512&coo=false&exp=k2&rqm=GET 200 
2025-04-15 17:40:24,582 - INFO - Capturing request: https://cdn.zeptonow.com/production/tr:w-400,ar-1500-1500,pr-true,f-auto,q-80/inventory/product/5fad9ada-44ac-4df7-8507-cd17def9a41f-734.jpg
2025-04-15 17:40:24,583 - INFO - Capturing request: https://cdn.zeptonow.com/production/tr:w-400,ar-1500-1500,pr-true,f-auto,q-80/cms/product_variant/6e868015-edfb-4b42-9c65-afa8683b8dd8.jpg
2025-04-15 17:40:24,597 - INFO - Capturing request: https://cdn.zeptonow.com/production/tr:w-400,ar-1500-1500,pr-true,f-auto,q-80/cms/product_variant/32d86f71-73a0-46b8-b970-26be3ff30ffb.jpg
2025-04-15 17:40:24,601 - INFO - Capturing request: https://cdn.zeptonow.com/production/tr:w-400,ar-1500-1500,pr-true,f-auto,q-80/cms/product_variant/f6cb430b-c773-43bd-ad08-d9732517f232.jpg
2025-04-15 17:40:24,608 - INFO - Capturing response: https://cdn.zeptonow.com/production/tr:w-400,ar-1500-1500,pr-true,f-auto,q-80/inventory/product/5fad9ada-44ac-4df7-8507-cd17def9a41f-734.jpg 200 
2025-04-15 17:40:24,618 - INFO - Capturing response: https://cdn.zeptonow.com/production/tr:w-400,ar-1500-1500,pr-true,f-auto,q-80/cms/product_variant/6e868015-edfb-4b42-9c65-afa8683b8dd8.jpg 200 
2025-04-15 17:40:24,683 - INFO - Capturing response: https://cdn.zeptonow.com/production/tr:w-400,ar-1500-1500,pr-true,f-auto,q-80/cms/product_variant/f6cb430b-c773-43bd-ad08-d9732517f232.jpg 200 
2025-04-15 17:40:24,685 - INFO - Capturing request: https://cdn.zeptonow.com/production/tr:w-400,ar-1500-1500,pr-true,f-auto,q-80/cms/product_variant/aea4a305-75e3-480b-8d3a-f08420371761.jpg
2025-04-15 17:40:24,688 - INFO - Capturing request: https://cdn.zeptonow.com/production/tr:w-400,ar-1494-1494,pr-true,f-auto,q-80/cms/product_variant/12daa30d-a270-476b-9d68-944df036361c.jpg
2025-04-15 17:40:24,691 - INFO - Capturing request: https://cdn.zeptonow.com/production/tr:w-400,ar-1500-1500,pr-true,f-auto,q-80/cms/product_variant/2a911d06-4361-4746-9379-a4d2b7ae70e5.jpg
2025-04-15 17:40:24,718 - INFO - Capturing response: https://cdn.zeptonow.com/production/tr:w-400,ar-1500-1500,pr-true,f-auto,q-80/cms/product_variant/aea4a305-75e3-480b-8d3a-f08420371761.jpg 200 
2025-04-15 17:40:24,725 - INFO - Capturing response: https://cdn.zeptonow.com/production/tr:w-400,ar-1494-1494,pr-true,f-auto,q-80/cms/product_variant/12daa30d-a270-476b-9d68-944df036361c.jpg 200 
2025-04-15 17:40:24,736 - INFO - Capturing response: https://cdn.zeptonow.com/production/tr:w-400,ar-1500-1500,pr-true,f-auto,q-80/cms/product_variant/2a911d06-4361-4746-9379-a4d2b7ae70e5.jpg 200 
2025-04-15 17:40:24,744 - INFO - Capturing response: https://cdn.zeptonow.com/production/tr:w-400,ar-1500-1500,pr-true,f-auto,q-80/cms/product_variant/32d86f71-73a0-46b8-b970-26be3ff30ffb.jpg 200 
2025-04-15 17:40:24,792 - INFO - Capturing request: https://cdn.zeptonow.com/production/tr:w-400,ar-2000-2000,pr-true,f-auto,q-80/cms/product_variant/796873d8-a89a-424c-94da-f47deffb5137.jpeg
2025-04-15 17:40:24,795 - INFO - Capturing request: https://cdn.zeptonow.com/production/tr:w-400,ar-1200-1200,pr-true,f-auto,q-80/cms/product_variant/4efbd48b-371b-4daf-9bdf-fd0d884dd8fb.jpeg
2025-04-15 17:40:24,814 - INFO - Capturing response: https://cdn.zeptonow.com/production/tr:w-400,ar-2000-2000,pr-true,f-auto,q-80/cms/product_variant/796873d8-a89a-424c-94da-f47deffb5137.jpeg 200 
2025-04-15 17:40:24,824 - INFO - Capturing response: https://cdn.zeptonow.com/production/tr:w-400,ar-1200-1200,pr-true,f-auto,q-80/cms/product_variant/4efbd48b-371b-4daf-9bdf-fd0d884dd8fb.jpeg 200 
2025-04-15 17:40:24,847 - INFO - Capturing request: https://cdn.zeptonow.com/production/tr:w-400,ar-1200-1200,pr-true,f-auto,q-80/cms/product_variant/fa3bb96b-c323-4845-8f35-fa1a15c4dd99.jpeg
2025-04-15 17:40:24,849 - INFO - Capturing request: https://cdn.zeptonow.com/production/tr:w-400,ar-736-670,pr-true,f-auto,q-80/cms/product_variant/bd09e8a1-3edb-4ceb-9562-dcf63c0bd684.jpg
2025-04-15 17:40:24,850 - INFO - Capturing request: https://cdn.zeptonow.com/production/tr:w-400,ar-1000-1000,pr-true,f-auto,q-80/cms/product_variant/0d40d0d2-2776-4e57-87ac-3e720fb3b2b3.jpg
2025-04-15 17:40:24,872 - INFO - Capturing response: https://cdn.zeptonow.com/production/tr:w-400,ar-1200-1200,pr-true,f-auto,q-80/cms/product_variant/fa3bb96b-c323-4845-8f35-fa1a15c4dd99.jpeg 200 
2025-04-15 17:40:24,889 - INFO - Capturing response: https://cdn.zeptonow.com/production/tr:w-400,ar-1000-1000,pr-true,f-auto,q-80/cms/product_variant/0d40d0d2-2776-4e57-87ac-3e720fb3b2b3.jpg 200 
2025-04-15 17:40:24,892 - INFO - Capturing request: https://cdn.zeptonow.com/production/tr:w-400,ar-2000-2000,pr-true,f-auto,q-80/cms/product_variant/affdcdfb-205a-4abe-92b0-e94b10a0ecc1.jpeg
2025-04-15 17:40:24,895 - INFO - Capturing request: https://cdn.zeptonow.com/production/tr:w-400,ar-652-720,pr-true,f-auto,q-80/cms/product_variant/6e6c19e0-9063-44d8-8c11-85414efea547.jpg
2025-04-15 17:40:24,907 - INFO - Capturing response: https://www.facebook.com/privacy_sandbox/pixel/register/trigger/?id=932680588440323&ev=PageView&dl=https%3A%2F%2Fwww.zeptonow.com%2Fcn%2Fcold-drinks-juices%2Ftop-picks%2Fcid%2F947a72ae-b371-45cb-ad3a-778c05b64399%2Fscid%2F7dceec53-78f9-4f06-83d7-c8edd9c2f71a&rl=&if=false&ts=1744719023837&sw=800&sh=600&v=2.9.197&r=stable&ec=0&o=4126&fbp=fb.1.1744719023816.91638231588244374&ler=empty&cdl=API_unavailable&it=1744719023512&coo=false&exp=k2&rqm=FGET 200 
2025-04-15 17:40:24,969 - INFO - Capturing response: https://cdn.zeptonow.com/production/tr:w-400,ar-2000-2000,pr-true,f-auto,q-80/cms/product_variant/affdcdfb-205a-4abe-92b0-e94b10a0ecc1.jpeg 200 
2025-04-15 17:40:24,974 - INFO - Capturing request: https://cdn.zeptonow.com/production/tr:w-400,ar-1500-1500,pr-true,f-auto,q-80/cms/product_variant/3b5857af-403c-4439-88c4-175447929025.jpg
2025-04-15 17:40:24,977 - INFO - Capturing request: https://cdn.zeptonow.com/production/tr:w-400,ar-1500-1500,pr-true,f-auto,q-80/cms/product_variant/8a0ece14-ba11-457e-8a8b-0306588a2f06.jpg
2025-04-15 17:40:24,987 - INFO - Capturing response: https://cdn.zeptonow.com/production/tr:w-400,ar-652-720,pr-true,f-auto,q-80/cms/product_variant/6e6c19e0-9063-44d8-8c11-85414efea547.jpg 200 
2025-04-15 17:40:24,995 - INFO - Capturing response: https://cdn.zeptonow.com/production/tr:w-400,ar-736-670,pr-true,f-auto,q-80/cms/product_variant/bd09e8a1-3edb-4ceb-9562-dcf63c0bd684.jpg 200 
2025-04-15 17:40:25,023 - INFO - Capturing request: https://cdn.zeptonow.com/production/tr:w-400,ar-1500-1500,pr-true,f-auto,q-80/inventory/product/1dc6bdf7-fe7f-4bbb-9edc-88e541ad2713-1118.jpg
2025-04-15 17:40:25,028 - INFO - Capturing request: https://cdn.zeptonow.com/production/tr:w-400,ar-1500-1500,pr-true,f-auto,q-80/cms/product_variant/715d8c64-5f14-4665-8720-3eaec540f541.jpg
2025-04-15 17:40:25,034 - INFO - Capturing request: https://cdn.zeptonow.com/production/tr:w-400,ar-1200-1200,pr-true,f-auto,q-80/cms/product_variant/9f3ba90d-de2f-4c0a-abbd-338ac9df8c37.jpeg
2025-04-15 17:40:25,121 - INFO - Found 32 initial product URLs
2025-04-15 17:40:25,122 - INFO - Capturing response: https://cdn.zeptonow.com/production/tr:w-400,ar-1500-1500,pr-true,f-auto,q-80/cms/product_variant/3b5857af-403c-4439-88c4-175447929025.jpg 200 
2025-04-15 17:40:25,131 - INFO - Capturing request: https://cdn.zeptonow.com/web-static-assets-prod/artifacts/12.67.0/favicon.png
2025-04-15 17:40:25,145 - INFO - Capturing response: https://cdn.zeptonow.com/production/tr:w-400,ar-1500-1500,pr-true,f-auto,q-80/cms/product_variant/8a0ece14-ba11-457e-8a8b-0306588a2f06.jpg 200 
2025-04-15 17:40:25,155 - INFO - Capturing response: https://cdn.zeptonow.com/production/tr:w-400,ar-1500-1500,pr-true,f-auto,q-80/inventory/product/1dc6bdf7-fe7f-4bbb-9edc-88e541ad2713-1118.jpg 200 
2025-04-15 17:40:25,163 - INFO - Capturing response: https://cdn.zeptonow.com/production/tr:w-400,ar-1200-1200,pr-true,f-auto,q-80/cms/product_variant/9f3ba90d-de2f-4c0a-abbd-338ac9df8c37.jpeg 200 
2025-04-15 17:40:25,173 - INFO - Capturing response: https://cdn.zeptonow.com/production/tr:w-400,ar-1500-1500,pr-true,f-auto,q-80/cms/product_variant/715d8c64-5f14-4665-8720-3eaec540f541.jpg 200 
2025-04-15 17:40:25,232 - INFO - Capturing response: https://cdn.zeptonow.com/web-static-assets-prod/artifacts/12.67.0/favicon.png 200 
2025-04-15 17:40:25,254 - INFO - Capturing request: https://cdn.zeptonow.com/production/tr:w-400,ar-1200-1200,pr-true,f-auto,q-80/cms/product_variant/395a241e-19a2-418f-a099-7c208bb62f48.jpeg
2025-04-15 17:40:25,293 - INFO - Capturing response: https://cdn.zeptonow.com/production/tr:w-400,ar-1200-1200,pr-true,f-auto,q-80/cms/product_variant/395a241e-19a2-418f-a099-7c208bb62f48.jpeg 200 
2025-04-15 17:40:25,310 - INFO - Capturing request: https://cdn.zeptonow.com/production/tr:w-400,ar-2000-2000,pr-true,f-auto,q-80/cms/product_variant/df876511-b378-4b36-a9ea-4c35c25a0e0d.jpeg
2025-04-15 17:40:25,313 - INFO - Capturing request: https://cdn.zeptonow.com/production/tr:w-400,ar-1500-1500,pr-true,f-auto,q-80/cms/product_variant/89358e88-ebda-440c-a71c-f6ffff48ad6b.jpg
2025-04-15 17:40:25,333 - INFO - Capturing response: https://cdn.zeptonow.com/production/tr:w-400,ar-2000-2000,pr-true,f-auto,q-80/cms/product_variant/df876511-b378-4b36-a9ea-4c35c25a0e0d.jpeg 200 
2025-04-15 17:40:25,340 - INFO - Capturing request: https://cdn.zeptonow.com/production/tr:w-400,ar-1021-1021,pr-true,f-auto,q-80/cms/product_variant/22f6acb3-766c-4585-ba4f-7a36e5857313.jpeg
2025-04-15 17:40:25,351 - INFO - Capturing response: https://cdn.zeptonow.com/production/tr:w-400,ar-1500-1500,pr-true,f-auto,q-80/cms/product_variant/89358e88-ebda-440c-a71c-f6ffff48ad6b.jpg 200 
2025-04-15 17:40:25,352 - INFO - Capturing request: https://cdn.zeptonow.com/production/tr:w-400,ar-679-712,pr-true,f-auto,q-80/cms/product_variant/d4fb1f95-7980-4903-b5b1-7cd8cebb3bbe.jpg
2025-04-15 17:40:25,393 - INFO - Capturing request: https://www.zeptonow.com/favicon.ico
2025-04-15 17:40:25,414 - INFO - Capturing response: https://cdn.zeptonow.com/production/tr:w-400,ar-1021-1021,pr-true,f-auto,q-80/cms/product_variant/22f6acb3-766c-4585-ba4f-7a36e5857313.jpeg 200 
2025-04-15 17:40:25,429 - INFO - Capturing response: https://cdn.zeptonow.com/production/tr:w-400,ar-679-712,pr-true,f-auto,q-80/cms/product_variant/d4fb1f95-7980-4903-b5b1-7cd8cebb3bbe.jpg 200 
2025-04-15 17:40:25,437 - INFO - Capturing response: https://www.zeptonow.com/favicon.ico 200 
2025-04-15 17:40:25,562 - INFO - Capturing request: https://www.googletagmanager.com/a?v=3&t=l&pid=1900577117&rv=54b0&tag_exp=102509682~102803279~102813109~102887800~102926062~103021830~103027016~103051953~103055465~103077950&u=AAAAAAAIAAAAACAg&ut=Ag&h=Ag&gtm=45je54b0v893472357za200zb9103639812&cl=1.10.0&ccid=93472357&cid=G-52LKG2B3L1&l=L3560.S142.B125.E1416.I2054.TC27.HTC0~gtm.init_consent.S2.V1.E221~gtm.init.S0.V0.E261.TS5ogtgasend.TI16.TE0.TS5ogtreferralexclusion.TI18.TE2.TS5ogtsessiontimeout.TI19.TE0.TS5ogt1pdatav2.TI20.TE1.TS5ccdgafirst.TI42.TE0.TS5setproductsettings.TI41.TE0.TS5ogtgooglesignals.TI40.TE0.TS5ccdgaregscope.TI39.TE1.TS5ccdaddecs.TI38.TE0.TS5ccdemdownload.TI37.TE1.TS5ccdemform.TI36.TE1.TS5ccdemoutboundclick.TI35.TE0.TS5ccdempageview.TI34.TE1.TS5ccdemscroll.TI33.TE0.TS5ccdemsitesearch.TI32.TE1.TS5ccdemvideo.TI31.TE0.TS5ccdconversionmarking.TI30.TE0.TS5ogteventcreate.TI29.TE0.TS5ogteventcreate.TI28.TE0.TS5ogteventcreate.TI27.TE0.TS5ogteventcreate.TI26.TE0.TS5ccdadd1pdata.TI25.TE0.TS5ccdadd1pdata.TI24.TE0.TS5ccdautoredact.TI23.TE0.TS5ccdgaadslink.TI22.TE0.TS5ccdgalast.TI21.TE0~gtm.js.S0.V0.E236.TS5gct.TI8.TE1~gtm.dom.S1.V0.E145~*.S0.V0.E143~*.S0.V0.E125~*.S0.V0.E124~gtm.load.S0.V0.E4~GA838.858
2025-04-15 17:40:25,567 - INFO - Capturing request: https://cdn.zeptonow.com/web-static-assets-prod/artifacts/12.67.0/images/pdp/place-order.svg
2025-04-15 17:40:25,568 - INFO - Capturing request: https://cdn.zeptonow.com/web-static-assets-prod/artifacts/12.67.0/images/pdp/do-not-blink.svg
2025-04-15 17:40:25,573 - INFO - Capturing request: https://cdn.zeptonow.com/web-static-assets-prod/artifacts/12.67.0/images/pdp/enjoy.svg
2025-04-15 17:40:25,591 - INFO - Capturing response: https://cdn.zeptonow.com/web-static-assets-prod/artifacts/12.67.0/images/pdp/place-order.svg 200 
2025-04-15 17:40:25,597 - INFO - Capturing request: https://api.zeptonow.com/api/v2/store-products-by-store-subcategory-id?store_id=fa5e892d-65d7-4da6-9bde-e1f22deb7b6f&subcategory_id=7dceec53-78f9-4f06-83d7-c8edd9c2f71a&page_number=2&user_session_id=61120ddf-6fd1-4e52-99de-0a9e5fddd2ab&boosted_pv_ids=
2025-04-15 17:40:25,608 - INFO - Capturing response: https://cdn.zeptonow.com/web-static-assets-prod/artifacts/12.67.0/images/pdp/do-not-blink.svg 200 
2025-04-15 17:40:25,614 - INFO - Capturing response: https://cdn.zeptonow.com/web-static-assets-prod/artifacts/12.67.0/images/pdp/enjoy.svg 200 
2025-04-15 17:40:25,695 - INFO - Capturing request: https://js-agent.newrelic.com/nr-spa-1.286.0.min.js
2025-04-15 17:40:25,711 - INFO - Capturing response: https://api.zeptonow.com/api/v2/store-products-by-store-subcategory-id?store_id=fa5e892d-65d7-4da6-9bde-e1f22deb7b6f&subcategory_id=7dceec53-78f9-4f06-83d7-c8edd9c2f71a&page_number=2&user_session_id=61120ddf-6fd1-4e52-99de-0a9e5fddd2ab&boosted_pv_ids= 200 
2025-04-15 17:40:25,742 - INFO - Capturing response: https://js-agent.newrelic.com/nr-spa-1.286.0.min.js 200 
2025-04-15 17:40:25,750 - INFO - Capturing response: https://www.googletagmanager.com/a?v=3&t=l&pid=1900577117&rv=54b0&tag_exp=102509682~102803279~102813109~102887800~102926062~103021830~103027016~103051953~103055465~103077950&u=AAAAAAAIAAAAACAg&ut=Ag&h=Ag&gtm=45je54b0v893472357za200zb9103639812&cl=1.10.0&ccid=93472357&cid=G-52LKG2B3L1&l=L3560.S142.B125.E1416.I2054.TC27.HTC0~gtm.init_consent.S2.V1.E221~gtm.init.S0.V0.E261.TS5ogtgasend.TI16.TE0.TS5ogtreferralexclusion.TI18.TE2.TS5ogtsessiontimeout.TI19.TE0.TS5ogt1pdatav2.TI20.TE1.TS5ccdgafirst.TI42.TE0.TS5setproductsettings.TI41.TE0.TS5ogtgooglesignals.TI40.TE0.TS5ccdgaregscope.TI39.TE1.TS5ccdaddecs.TI38.TE0.TS5ccdemdownload.TI37.TE1.TS5ccdemform.TI36.TE1.TS5ccdemoutboundclick.TI35.TE0.TS5ccdempageview.TI34.TE1.TS5ccdemscroll.TI33.TE0.TS5ccdemsitesearch.TI32.TE1.TS5ccdemvideo.TI31.TE0.TS5ccdconversionmarking.TI30.TE0.TS5ogteventcreate.TI29.TE0.TS5ogteventcreate.TI28.TE0.TS5ogteventcreate.TI27.TE0.TS5ogteventcreate.TI26.TE0.TS5ccdadd1pdata.TI25.TE0.TS5ccdadd1pdata.TI24.TE0.TS5ccdautoredact.TI23.TE0.TS5ccdgaadslink.TI22.TE0.TS5ccdgalast.TI21.TE0~gtm.js.S0.V0.E236.TS5gct.TI8.TE1~gtm.dom.S1.V0.E145~*.S0.V0.E143~*.S0.V0.E125~*.S0.V0.E124~gtm.load.S0.V0.E4~GA838.858 200 
2025-04-15 17:40:25,971 - INFO - Capturing request: https://cdn.zeptonow.com/production/tr:w-400,ar-1500-1500,pr-true,f-auto,q-80/inventory/product/de2b857e-3a4c-4e1e-a13a-1994d66d4379-5823.jpg
2025-04-15 17:40:25,985 - INFO - Capturing request: https://cdn.zeptonow.com/production/tr:w-400,ar-1500-1500,pr-true,f-auto,q-80/cms/product_variant/336e6ff8-0088-4680-9fc1-8fd34bfbf1b5.jpeg
2025-04-15 17:40:25,991 - INFO - Capturing request: https://cdn.zeptonow.com/production/tr:w-400,ar-313-798,pr-true,f-auto,q-80/inventory/product/7de592dd-7983-47b8-90fc-61668d6bbd9a-1UcXkkFyCSnVohrS_2G_H_EP7xMi-pBsU.jpeg
2025-04-15 17:40:25,995 - INFO - Capturing response: https://cdn.zeptonow.com/production/tr:w-400,ar-1500-1500,pr-true,f-auto,q-80/inventory/product/de2b857e-3a4c-4e1e-a13a-1994d66d4379-5823.jpg 200 
2025-04-15 17:40:25,997 - INFO - Capturing request: https://cdn.zeptonow.com/production/tr:w-400,ar-2000-2000,pr-true,f-auto,q-80/cms/product_variant/63d33414-97f5-4dfa-823d-56f33740deb9.jpeg
2025-04-15 17:40:26,003 - INFO - Capturing request: https://cdn.zeptonow.com/production/tr:w-400,ar-646-721,pr-true,f-auto,q-80/cms/product_variant/79d319d2-f585-447f-b90f-96ace853f7bc.jpg
2025-04-15 17:40:26,008 - INFO - Capturing request: https://cdn.zeptonow.com/production/tr:w-400,ar-2000-2000,pr-true,f-auto,q-80/cms/product_variant/2b0a34b9-ba5c-4c5f-b7d9-a0cf98c8100c.jpeg
2025-04-15 17:40:26,015 - INFO - Capturing response: https://cdn.zeptonow.com/production/tr:w-400,ar-1500-1500,pr-true,f-auto,q-80/cms/product_variant/336e6ff8-0088-4680-9fc1-8fd34bfbf1b5.jpeg 200 
2025-04-15 17:40:26,019 - INFO - Capturing request: https://cdn.zeptonow.com/production/tr:w-400,ar-4000-4000,pr-true,f-auto,q-80/cms/product_variant/f3ac9846-94a1-4d6e-bcb4-0bec54928cb0.jpg
2025-04-15 17:40:26,028 - INFO - Capturing request: https://cdn.zeptonow.com/production/tr:w-400,ar-1500-1500,pr-true,f-auto,q-80/inventory/product/fc75765b-c504-4eae-88b7-3e381a637d7e-Aquafina_Drinking_Water_(Pack_of_3).jpg
2025-04-15 17:40:26,056 - INFO - Capturing response: https://cdn.zeptonow.com/production/tr:w-400,ar-313-798,pr-true,f-auto,q-80/inventory/product/7de592dd-7983-47b8-90fc-61668d6bbd9a-1UcXkkFyCSnVohrS_2G_H_EP7xMi-pBsU.jpeg 200 
2025-04-15 17:40:26,068 - INFO - Capturing response: https://cdn.zeptonow.com/production/tr:w-400,ar-2000-2000,pr-true,f-auto,q-80/cms/product_variant/63d33414-97f5-4dfa-823d-56f33740deb9.jpeg 200 
2025-04-15 17:40:26,075 - INFO - Capturing response: https://cdn.zeptonow.com/production/tr:w-400,ar-646-721,pr-true,f-auto,q-80/cms/product_variant/79d319d2-f585-447f-b90f-96ace853f7bc.jpg 200 
2025-04-15 17:40:26,085 - INFO - Capturing response: https://cdn.zeptonow.com/production/tr:w-400,ar-2000-2000,pr-true,f-auto,q-80/cms/product_variant/2b0a34b9-ba5c-4c5f-b7d9-a0cf98c8100c.jpeg 200 
2025-04-15 17:40:26,138 - INFO - Capturing response: https://cdn.zeptonow.com/production/tr:w-400,ar-1500-1500,pr-true,f-auto,q-80/inventory/product/fc75765b-c504-4eae-88b7-3e381a637d7e-Aquafina_Drinking_Water_(Pack_of_3).jpg 200 
2025-04-15 17:40:26,170 - INFO - Capturing request: https://cdn.zeptonow.com/production/tr:w-400,ar-2000-2000,pr-true,f-auto,q-80/cms/product_variant/d9bd4ac5-d22d-4074-a109-f06849a548e2.jpeg
2025-04-15 17:40:26,171 - INFO - Capturing request: https://cdn.zeptonow.com/production/tr:w-400,ar-1100-1100,pr-true,f-auto,q-80/cms/product_variant/e7096535-4e69-4fbc-abd0-af4d66b15cc3.jpeg
2025-04-15 17:40:26,177 - INFO - Capturing request: https://cdn.zeptonow.com/production/tr:w-400,ar-1000-1000,pr-true,f-auto,q-80/cms/product_variant/801d9802-a3d3-413d-90ba-ec4d6de92606.jpg
2025-04-15 17:40:26,179 - INFO - Capturing request: https://cdn.zeptonow.com/production/tr:w-400,ar-1200-1200,pr-true,f-auto,q-80/cms/product_variant/eaf5328d-9e95-4136-a23f-03c5cc8d3abb.jpeg
2025-04-15 17:40:26,191 - INFO - Capturing response: https://cdn.zeptonow.com/production/tr:w-400,ar-2000-2000,pr-true,f-auto,q-80/cms/product_variant/d9bd4ac5-d22d-4074-a109-f06849a548e2.jpeg 200 
2025-04-15 17:40:26,213 - INFO - Capturing response: https://cdn.zeptonow.com/production/tr:w-400,ar-1000-1000,pr-true,f-auto,q-80/cms/product_variant/801d9802-a3d3-413d-90ba-ec4d6de92606.jpg 200 
2025-04-15 17:40:26,214 - INFO - Capturing request: https://cdn.zeptonow.com/production/tr:w-400,ar-1021-1021,pr-true,f-auto,q-80/cms/product_variant/317ab384-87dd-4b59-a33d-6ab56f844f18.jpeg
2025-04-15 17:40:26,227 - INFO - Capturing response: https://cdn.zeptonow.com/production/tr:w-400,ar-4000-4000,pr-true,f-auto,q-80/cms/product_variant/f3ac9846-94a1-4d6e-bcb4-0bec54928cb0.jpg 200 
2025-04-15 17:40:26,231 - INFO - Capturing request: https://cdn.zeptonow.com/production/tr:w-400,ar-1200-1200,pr-true,f-auto,q-80/cms/product_variant/3ef5e6b2-3457-431d-b6aa-779bb8b8b7bc.jpeg
2025-04-15 17:40:26,235 - INFO - Capturing response: https://cdn.zeptonow.com/production/tr:w-400,ar-1100-1100,pr-true,f-auto,q-80/cms/product_variant/e7096535-4e69-4fbc-abd0-af4d66b15cc3.jpeg 200 
2025-04-15 17:40:26,237 - INFO - Capturing request: https://cdn.zeptonow.com/production/tr:w-400,ar-1200-1200,pr-true,f-auto,q-80/cms/product_variant/dbd9f8f3-401b-4cce-9424-c3cee41d22d7.jpeg
2025-04-15 17:40:26,242 - INFO - Capturing request: https://cdn.zeptonow.com/production/tr:w-400,ar-1200-1200,pr-true,f-auto,q-80/cms/product_variant/6f70f566-3986-4c35-858f-a1f845a9438b.jpeg
2025-04-15 17:40:26,244 - INFO - Capturing request: https://cdn.zeptonow.com/production/tr:w-400,ar-1100-1100,pr-true,f-auto,q-80/cms/product_variant/968f9b35-b4fb-4573-aac8-1197fa29c67a.jpeg
2025-04-15 17:40:26,256 - INFO - Capturing response: https://cdn.zeptonow.com/production/tr:w-400,ar-1200-1200,pr-true,f-auto,q-80/cms/product_variant/eaf5328d-9e95-4136-a23f-03c5cc8d3abb.jpeg 200 
2025-04-15 17:40:26,259 - INFO - Capturing request: https://cdn.zeptonow.com/production/tr:w-400,ar-1494-1494,pr-true,f-auto,q-80/cms/product_variant/88ae2777-fd90-48ff-a238-45093791ddff.jpg
2025-04-15 17:40:26,263 - INFO - Capturing request: https://cdn.zeptonow.com/production/tr:w-400,ar-1500-1500,pr-true,f-auto,q-80/inventory/product/06f5cc00-fd40-4ab9-8942-495629ddd4fc-3416.jpg
2025-04-15 17:40:26,264 - INFO - Capturing request: https://cdn.zeptonow.com/production/tr:w-400,ar-1500-1500,pr-true,f-auto,q-80/inventory/product/15f6e6d0-7c99-460f-87eb-f4cc07fdfbf5-983.jpg
2025-04-15 17:40:26,266 - INFO - Capturing request: https://cdn.zeptonow.com/production/tr:w-400,ar-1000-1000,pr-true,f-auto,q-80/cms/product_variant/fc32b7c9-4465-4838-953f-ee48a514183d.jpeg
2025-04-15 17:40:26,268 - INFO - Capturing request: https://cdn.zeptonow.com/production/tr:w-400,ar-1200-1200,pr-true,f-auto,q-80/cms/product_variant/acdceef2-3ec0-4d89-b7e2-0ea08e69faf5.jpeg
2025-04-15 17:40:26,304 - INFO - Capturing response: https://cdn.zeptonow.com/production/tr:w-400,ar-1200-1200,pr-true,f-auto,q-80/cms/product_variant/3ef5e6b2-3457-431d-b6aa-779bb8b8b7bc.jpeg 200 
2025-04-15 17:40:26,321 - INFO - Capturing response: https://cdn.zeptonow.com/production/tr:w-400,ar-1200-1200,pr-true,f-auto,q-80/cms/product_variant/6f70f566-3986-4c35-858f-a1f845a9438b.jpeg 200 
2025-04-15 17:40:26,336 - INFO - Capturing response: https://cdn.zeptonow.com/production/tr:w-400,ar-1200-1200,pr-true,f-auto,q-80/cms/product_variant/dbd9f8f3-401b-4cce-9424-c3cee41d22d7.jpeg 200 
2025-04-15 17:40:26,350 - INFO - Capturing response: https://cdn.zeptonow.com/production/tr:w-400,ar-1100-1100,pr-true,f-auto,q-80/cms/product_variant/968f9b35-b4fb-4573-aac8-1197fa29c67a.jpeg 200 
2025-04-15 17:40:26,358 - INFO - Capturing response: https://cdn.zeptonow.com/production/tr:w-400,ar-1494-1494,pr-true,f-auto,q-80/cms/product_variant/88ae2777-fd90-48ff-a238-45093791ddff.jpg 200 
2025-04-15 17:40:26,362 - INFO - Capturing response: https://cdn.zeptonow.com/production/tr:w-400,ar-1500-1500,pr-true,f-auto,q-80/inventory/product/15f6e6d0-7c99-460f-87eb-f4cc07fdfbf5-983.jpg 200 
2025-04-15 17:40:26,369 - INFO - Capturing response: https://cdn.zeptonow.com/production/tr:w-400,ar-1000-1000,pr-true,f-auto,q-80/cms/product_variant/fc32b7c9-4465-4838-953f-ee48a514183d.jpeg 200 
2025-04-15 17:40:26,387 - INFO - Capturing response: https://cdn.zeptonow.com/production/tr:w-400,ar-1200-1200,pr-true,f-auto,q-80/cms/product_variant/acdceef2-3ec0-4d89-b7e2-0ea08e69faf5.jpeg 200 
2025-04-15 17:40:26,402 - INFO - Capturing response: https://cdn.zeptonow.com/production/tr:w-400,ar-1021-1021,pr-true,f-auto,q-80/cms/product_variant/317ab384-87dd-4b59-a33d-6ab56f844f18.jpeg 200 
2025-04-15 17:40:26,440 - INFO - Capturing response: https://cdn.zeptonow.com/production/tr:w-400,ar-1500-1500,pr-true,f-auto,q-80/inventory/product/06f5cc00-fd40-4ab9-8942-495629ddd4fc-3416.jpg 200 
2025-04-15 17:40:26,446 - INFO - Capturing request: https://bam.nr-data.net/1/NRJS-a5ffa951bd8f01bef63?a=1046328566&v=1.286.0&to=YFFbN0RVX0ZUARcIC1kbbgZUckNUWAcUDhZcYUsKGXpUTUEIEE4jcmAWTFVaHm5WDDwSCEJTZExtR1JqRg4WBjkYV1AHGW9SXFE/TBIHXlAWOEVXWFFo&rst=6683&ck=0&s=b26b39bbd68a771d&ref=https://www.zeptonow.com/cn/cold-drinks-juices/top-picks/cid/947a72ae-b371-45cb-ad3a-778c05b64399/scid/7dceec53-78f9-4f06-83d7-c8edd9c2f71a&ptid=cfc0ea2bbd22828b&tt=5170fcf8608809b9&af=err,spa,xhr,stn,ins&ap=94.759459&be=1475&fe=4203&dc=580&fsh=1&perf=%7B%22timing%22:%7B%22of%22:1744719019242,%22n%22:0,%22f%22:1,%22dn%22:1,%22dne%22:1,%22c%22:986,%22s%22:992,%22ce%22:1054,%22rq%22:1054,%22rp%22:1475,%22rpe%22:1483,%22di%22:2054,%22ds%22:2055,%22de%22:2055,%22dc%22:5673,%22l%22:5673,%22le%22:5678%7D,%22navigation%22:%7B%7D%7D&fp=1936&fcp=2104
2025-04-15 17:40:26,528 - INFO - Capturing request: https://cdn.zeptonow.com/production/tr:w-400,ar-1021-1021,pr-true,f-auto,q-80/cms/product_variant/2fabd88a-08e1-4a42-a498-7e930feef549.jpeg
2025-04-15 17:40:26,544 - INFO - Capturing request: https://cdn.zeptonow.com/production/tr:w-400,ar-1200-1200,pr-true,f-auto,q-80/cms/product_variant/a613b223-a84f-4134-be9a-c4a7eb3b7517.jpeg
2025-04-15 17:40:26,548 - INFO - Capturing response: https://cdn.zeptonow.com/production/tr:w-400,ar-1021-1021,pr-true,f-auto,q-80/cms/product_variant/2fabd88a-08e1-4a42-a498-7e930feef549.jpeg 200 
2025-04-15 17:40:26,564 - INFO - Capturing response: https://cdn.zeptonow.com/production/tr:w-400,ar-1200-1200,pr-true,f-auto,q-80/cms/product_variant/a613b223-a84f-4134-be9a-c4a7eb3b7517.jpeg 200 
2025-04-15 17:40:26,590 - INFO - Capturing request: https://cdn.zeptonow.com/production/tr:w-400,ar-1000-1000,pr-true,f-auto,q-80/cms/product_variant/c6844aed-07b0-4545-ab18-9d00abe2b518.jpeg
2025-04-15 17:40:26,593 - INFO - Capturing request: https://cdn.zeptonow.com/production/tr:w-400,ar-1000-1000,pr-true,f-auto,q-80/cms/product_variant/c0999f48-02ac-4709-a771-04e9c4956157.jpeg
2025-04-15 17:40:26,597 - INFO - Capturing request: https://cdn.zeptonow.com/production/tr:w-400,ar-1500-1500,pr-true,f-auto,q-80/cms/product_variant/962d4215-53b1-4794-82ba-14e1fe90c4b8.jpg
2025-04-15 17:40:26,614 - INFO - Capturing response: https://cdn.zeptonow.com/production/tr:w-400,ar-1000-1000,pr-true,f-auto,q-80/cms/product_variant/c6844aed-07b0-4545-ab18-9d00abe2b518.jpeg 200 
2025-04-15 17:40:26,630 - INFO - Capturing response: https://cdn.zeptonow.com/production/tr:w-400,ar-1500-1500,pr-true,f-auto,q-80/cms/product_variant/962d4215-53b1-4794-82ba-14e1fe90c4b8.jpg 200 
2025-04-15 17:40:26,701 - INFO - Capturing request: https://cdn.zeptonow.com/production/tr:w-400,ar-1500-1500,pr-true,f-auto,q-80/inventory/product/1d502057-6f7a-46ae-863b-fb4f7e393c14-118iUF8dlXZv1-kFDONSK7gG6bvq1G38L.jpeg
2025-04-15 17:40:26,706 - INFO - Capturing request: https://cdn.zeptonow.com/production/tr:w-400,ar-1494-1494,pr-true,f-auto,q-80/cms/product_variant/fe4c0756-7718-44b7-b60b-dda4832a0a72.jpg
2025-04-15 17:40:26,725 - INFO - Capturing response: https://cdn.zeptonow.com/production/tr:w-400,ar-1500-1500,pr-true,f-auto,q-80/inventory/product/1d502057-6f7a-46ae-863b-fb4f7e393c14-118iUF8dlXZv1-kFDONSK7gG6bvq1G38L.jpeg 200 
2025-04-15 17:40:26,734 - INFO - Capturing response: https://cdn.zeptonow.com/production/tr:w-400,ar-1000-1000,pr-true,f-auto,q-80/cms/product_variant/c0999f48-02ac-4709-a771-04e9c4956157.jpeg 200 
2025-04-15 17:40:26,742 - INFO - Capturing response: https://cdn.zeptonow.com/production/tr:w-400,ar-1494-1494,pr-true,f-auto,q-80/cms/product_variant/fe4c0756-7718-44b7-b60b-dda4832a0a72.jpg 200 
2025-04-15 17:40:26,765 - INFO - Capturing response: https://bam.nr-data.net/1/NRJS-a5ffa951bd8f01bef63?a=1046328566&v=1.286.0&to=YFFbN0RVX0ZUARcIC1kbbgZUckNUWAcUDhZcYUsKGXpUTUEIEE4jcmAWTFVaHm5WDDwSCEJTZExtR1JqRg4WBjkYV1AHGW9SXFE/TBIHXlAWOEVXWFFo&rst=6683&ck=0&s=b26b39bbd68a771d&ref=https://www.zeptonow.com/cn/cold-drinks-juices/top-picks/cid/947a72ae-b371-45cb-ad3a-778c05b64399/scid/7dceec53-78f9-4f06-83d7-c8edd9c2f71a&ptid=cfc0ea2bbd22828b&tt=5170fcf8608809b9&af=err,spa,xhr,stn,ins&ap=94.759459&be=1475&fe=4203&dc=580&fsh=1&perf=%7B%22timing%22:%7B%22of%22:1744719019242,%22n%22:0,%22f%22:1,%22dn%22:1,%22dne%22:1,%22c%22:986,%22s%22:992,%22ce%22:1054,%22rq%22:1054,%22rp%22:1475,%22rpe%22:1483,%22di%22:2054,%22ds%22:2055,%22de%22:2055,%22dc%22:5673,%22l%22:5673,%22le%22:5678%7D,%22navigation%22:%7B%7D%7D&fp=1936&fcp=2104 200 
2025-04-15 17:40:26,766 - INFO - Capturing request: https://cdn.zeptonow.com/production/tr:w-400,ar-1500-1500,pr-true,f-auto,q-80/inventory/product/2902fc22-7d6d-4939-8b19-4a99db00edaa-1s2PWBwTFrIM4YRo0htVgLWDT2adh-n70.jpeg
2025-04-15 17:40:26,770 - INFO - Capturing request: https://cdn.zeptonow.com/production/tr:w-400,ar-1500-1500,pr-true,f-auto,q-80/cms/product_variant/6a752a4b-b042-4e0f-baea-0ad830b0d723.jpg
2025-04-15 17:40:26,841 - INFO - Capturing response: https://cdn.zeptonow.com/production/tr:w-400,ar-1500-1500,pr-true,f-auto,q-80/inventory/product/2902fc22-7d6d-4939-8b19-4a99db00edaa-1s2PWBwTFrIM4YRo0htVgLWDT2adh-n70.jpeg 200 
2025-04-15 17:40:26,857 - INFO - Capturing response: https://cdn.zeptonow.com/production/tr:w-400,ar-1500-1500,pr-true,f-auto,q-80/cms/product_variant/6a752a4b-b042-4e0f-baea-0ad830b0d723.jpg 200 
2025-04-15 17:40:26,859 - INFO - Capturing request: https://bam.nr-data.net/events/1/NRJS-a5ffa951bd8f01bef63?a=1046328566&v=1.286.0&to=YFFbN0RVX0ZUARcIC1kbbgZUckNUWAcUDhZcYUsKGXpUTUEIEE4jcmAWTFVaHm5WDDwSCEJTZExtR1JqRg4WBjkYV1AHGW9SXFE/TBIHXlAWOEVXWFFo&rst=7554&ck=0&s=b26b39bbd68a771d&ref=https://www.zeptonow.com/cn/cold-drinks-juices/top-picks/cid/947a72ae-b371-45cb-ad3a-778c05b64399/scid/7dceec53-78f9-4f06-83d7-c8edd9c2f71a&ptid=cfc0ea2bbd22828b
2025-04-15 17:40:27,382 - INFO - Capturing response: https://bam.nr-data.net/events/1/NRJS-a5ffa951bd8f01bef63?a=1046328566&v=1.286.0&to=YFFbN0RVX0ZUARcIC1kbbgZUckNUWAcUDhZcYUsKGXpUTUEIEE4jcmAWTFVaHm5WDDwSCEJTZExtR1JqRg4WBjkYV1AHGW9SXFE/TBIHXlAWOEVXWFFo&rst=7554&ck=0&s=b26b39bbd68a771d&ref=https://www.zeptonow.com/cn/cold-drinks-juices/top-picks/cid/947a72ae-b371-45cb-ad3a-778c05b64399/scid/7dceec53-78f9-4f06-83d7-c8edd9c2f71a&ptid=cfc0ea2bbd22828b 200 
2025-04-15 17:40:28,767 - INFO - Capturing request: https://analytics.google.com/g/collect?v=2&tid=G-52LKG2B3L1&gtm=45je54b0v893472357z89103639812za200zb9103639812&_p=1744719022802&gcd=13l3l3l3l1l1&npa=0&dma=0&tag_exp=102509682~102803279~102813109~102887800~102926062~103021830~103027016~103051953~103055465~103077950&cid=1415728120.1744719024&ecid=400576078&ul=en-gb&sr=800x600&ir=1&uaa=&uab=&uafvl=&uamb=0&uam=&uap=Linux&uapv=&uaw=0&are=1&pae=1&frm=0&pscdl=noapi&_eu=EAAAAAI&_s=2&sid=1744719023&sct=1&seg=0&dl=https%3A%2F%2Fwww.zeptonow.com%2Fcn%2Fcold-drinks-juices%2Ftop-picks%2Fcid%2F947a72ae-b371-45cb-ad3a-778c05b64399%2Fscid%2F7dceec53-78f9-4f06-83d7-c8edd9c2f71a&dt=Top%20Picks%20-%20Buy%20Top%20Picks%20Online%20at%20Best%20Price%20Near%20You%20%7C%20Zepto&en=app_launch&ep.device_os=WEB&ep.screen_name=&_et=52&tfd=9420
2025-04-15 17:40:28,856 - INFO - Capturing response: https://analytics.google.com/g/collect?v=2&tid=G-52LKG2B3L1&gtm=45je54b0v893472357z89103639812za200zb9103639812&_p=1744719022802&gcd=13l3l3l3l1l1&npa=0&dma=0&tag_exp=102509682~102803279~102813109~102887800~102926062~103021830~103027016~103051953~103055465~103077950&cid=1415728120.1744719024&ecid=400576078&ul=en-gb&sr=800x600&ir=1&uaa=&uab=&uafvl=&uamb=0&uam=&uap=Linux&uapv=&uaw=0&are=1&pae=1&frm=0&pscdl=noapi&_eu=EAAAAAI&_s=2&sid=1744719023&sct=1&seg=0&dl=https%3A%2F%2Fwww.zeptonow.com%2Fcn%2Fcold-drinks-juices%2Ftop-picks%2Fcid%2F947a72ae-b371-45cb-ad3a-778c05b64399%2Fscid%2F7dceec53-78f9-4f06-83d7-c8edd9c2f71a&dt=Top%20Picks%20-%20Buy%20Top%20Picks%20Online%20at%20Best%20Price%20Near%20You%20%7C%20Zepto&en=app_launch&ep.device_os=WEB&ep.screen_name=&_et=52&tfd=9420 204 
2025-04-15 17:40:29,157 - INFO - Capturing request: https://events.zepto.co.in/api/v1/publish-events
2025-04-15 17:40:29,220 - INFO - Capturing response: https://events.zepto.co.in/api/v1/publish-events 200 
2025-04-15 17:40:29,269 - INFO - Capturing request: https://optimizationguide-pa.googleapis.com/v1:GetModels?key=AIzaSyBqJZh-7pA44blAaAkH6490hUFOwX0KCYM
2025-04-15 17:40:29,360 - INFO - Capturing response: https://optimizationguide-pa.googleapis.com/v1:GetModels?key=AIzaSyBqJZh-7pA44blAaAkH6490hUFOwX0KCYM 200 
2025-04-15 17:40:31,517 - INFO - Capturing request: https://optimizationguide-pa.googleapis.com/downloads?name=1679317318&target=OPTIMIZATION_TARGET_LANGUAGE_DETECTION
2025-04-15 17:40:31,520 - INFO - Capturing request: https://optimizationguide-pa.googleapis.com/downloads?name=1743433386&target=OPTIMIZATION_TARGET_NOTIFICATION_PERMISSION_PREDICTIONS
2025-04-15 17:40:31,997 - INFO - Capturing response: https://optimizationguide-pa.googleapis.com/downloads?name=1679317318&target=OPTIMIZATION_TARGET_LANGUAGE_DETECTION 200 
2025-04-15 17:40:32,003 - INFO - Capturing response: https://optimizationguide-pa.googleapis.com/downloads?name=1743433386&target=OPTIMIZATION_TARGET_NOTIFICATION_PERMISSION_PREDICTIONS 200 
2025-04-15 17:40:32,162 - INFO - Capturing request: https://optimizationguide-pa.googleapis.com/downloads?name=1673999601&target=OPTIMIZATION_TARGET_PAGE_VISIBILITY
2025-04-15 17:40:32,167 - INFO - Capturing request: https://optimizationguide-pa.googleapis.com/downloads?name=5&target=OPTIMIZATION_TARGET_PAGE_TOPICS_V2
2025-04-15 17:40:32,187 - INFO - Processing API request: https://api.zeptonow.com/api/v2/get_page?latitude=12.96953&longitude=77.74954&page_type=HOME&version=v2&show_new_eta_banner=false&page_size=1&enforce_platform_type=DESKTOP
2025-04-15 17:40:32,188 - INFO - Processing API request: https://api.zeptonow.com/api/v2/store-products-by-store-subcategory-id?store_id=fa5e892d-65d7-4da6-9bde-e1f22deb7b6f&subcategory_id=7dceec53-78f9-4f06-83d7-c8edd9c2f71a&page_number=2&user_session_id=61120ddf-6fd1-4e52-99de-0a9e5fddd2ab&boosted_pv_ids=
2025-04-15 17:40:32,192 - INFO - Saved 31 items to as.csv
2025-04-15 17:40:32,193 - INFO - Added 31 products from API
2025-04-15 17:40:33,350 - INFO - Capturing response: https://optimizationguide-pa.googleapis.com/downloads?name=1673999601&target=OPTIMIZATION_TARGET_PAGE_VISIBILITY 200 
2025-04-15 17:40:33,553 - INFO - Capturing request: https://optimizationguide-pa.googleapis.com/downloads?name=1743433345&target=OPTIMIZATION_TARGET_GEOLOCATION_PERMISSION_PREDICTIONS
2025-04-15 17:40:33,880 - INFO - Capturing response: https://optimizationguide-pa.googleapis.com/downloads?name=5&target=OPTIMIZATION_TARGET_PAGE_TOPICS_V2 200 
2025-04-15 17:40:33,934 - INFO - Capturing response: https://optimizationguide-pa.googleapis.com/downloads?name=1743433345&target=OPTIMIZATION_TARGET_GEOLOCATION_PERMISSION_PREDICTIONS 200 
2025-04-15 17:40:34,144 - INFO - Capturing request: https://optimizationguide-pa.googleapis.com/downloads?name=1742310213&target=OPTIMIZATION_TARGET_CLIENT_SIDE_PHISHING
2025-04-15 17:40:34,145 - INFO - Capturing request: https://optimizationguide-pa.googleapis.com/downloads?name=1728324084&target=OPTIMIZATION_TARGET_OMNIBOX_ON_DEVICE_TAIL_SUGGEST
2025-04-15 17:40:34,771 - INFO - 
Scraping stopped by user
2025-04-15 17:40:34,830 - WARNING - Retrying (Retry(total=2, connect=None, read=None, redirect=None, status=None)) after connection broken by 'NewConnectionError('<urllib3.connection.HTTPConnection object at 0x7bcd1de98ee0>: Failed to establish a new connection: [Errno 111] Connection refused')': /session/8888ab9852f6e0e13caac968e996cb48
2025-04-15 17:40:34,830 - WARNING - Retrying (Retry(total=1, connect=None, read=None, redirect=None, status=None)) after connection broken by 'NewConnectionError('<urllib3.connection.HTTPConnection object at 0x7bcd1dde17b0>: Failed to establish a new connection: [Errno 111] Connection refused')': /session/8888ab9852f6e0e13caac968e996cb48
2025-04-15 17:40:34,833 - WARNING - Retrying (Retry(total=0, connect=None, read=None, redirect=None, status=None)) after connection broken by 'NewConnectionError('<urllib3.connection.HTTPConnection object at 0x7bcd1dda1360>: Failed to establish a new connection: [Errno 111] Connection refused')': /session/8888ab9852f6e0e13caac968e996cb48
